{
  "C:\\Users\\Edu\\Documents\\ETSINF\\Pin\\whatapplan\\src\\zone-flags.ts": {
    "path": "C:\\Users\\Edu\\Documents\\ETSINF\\Pin\\whatapplan\\src\\zone-flags.ts",
    "statementMap": {
      "0": {
        "start": {
          "line": 6,
          "column": 0
        },
        "end": {
          "line": 6,
          "column": 44
        }
      }
    },
    "fnMap": {},
    "branchMap": {},
    "s": {
      "0": 22
    },
    "f": {},
    "b": {},
    "inputSourceMap": {
      "version": 3,
      "file": "zone-flags.js",
      "sourceRoot": "",
      "sources": [
        "C:\\Users\\Edu\\Documents\\ETSINF\\Pin\\whatapplan\\src\\zone-flags.ts"
      ],
      "names": [],
      "mappings": "AAAA;;;GAGG;AACH,gDAAgD;AAC/C,MAAc,CAAC,6BAA6B,GAAG,IAAI,CAAC",
      "sourcesContent": [
        "/**\r\n * Prevents Angular change detection from\r\n * running with certain Web Component callbacks\r\n */\r\n// eslint-disable-next-line no-underscore-dangle\r\n(window as any).__Zone_disable_customElements = true;\r\n"
      ]
    },
    "_coverageSchema": "1a1c01bbd47fc00a2c39e90264f33305004495a9",
    "hash": "10a0626dc00815398dfaecda430ad7f078c79e9c"
  },
  "C:\\Users\\Edu\\Documents\\ETSINF\\Pin\\whatapplan\\src\\polyfills.ts": {
    "path": "C:\\Users\\Edu\\Documents\\ETSINF\\Pin\\whatapplan\\src\\polyfills.ts",
    "statementMap": {},
    "fnMap": {},
    "branchMap": {},
    "s": {},
    "f": {},
    "b": {},
    "inputSourceMap": {
      "version": 3,
      "file": "polyfills.js",
      "sourceRoot": "",
      "sources": [
        "C:\\Users\\Edu\\Documents\\ETSINF\\Pin\\whatapplan\\src\\polyfills.ts"
      ],
      "names": [],
      "mappings": "AAAA;;;;;;;;;;;;;;GAcG;AAEH;;GAEG;AAEH,sEAAsE;AACtE,oEAAoE;AAEpE;;;;GAIG;AACH,8EAA8E;AAE9E;;;;;;;;;;;;;;;;;;;;;;GAsBG;AAEH,OAAO,cAAc,CAAC;AAEtB;;GAEG;AACH,OAAO,mBAAmB,CAAC,CAAE,6BAA6B;AAG1D;;GAEG",
      "sourcesContent": [
        "/**\r\n * This file includes polyfills needed by Angular and is loaded before the app.\r\n * You can add your own extra polyfills to this file.\r\n *\r\n * This file is divided into 2 sections:\r\n *   1. Browser polyfills. These are applied before loading ZoneJS and are sorted by browsers.\r\n *   2. Application imports. Files imported after ZoneJS that should be loaded before your main\r\n *      file.\r\n *\r\n * The current setup is for so-called \"evergreen\" browsers; the last versions of browsers that\r\n * automatically update themselves. This includes Safari >= 10, Chrome >= 55 (including Opera),\r\n * Edge >= 13 on the desktop, and iOS 10 and Chrome on mobile.\r\n *\r\n * Learn more in https://angular.io/guide/browser-support\r\n */\r\n\r\n/***************************************************************************************************\r\n * BROWSER POLYFILLS\r\n */\r\n\r\n/** IE11 requires the following for NgClass support on SVG elements */\r\n// import 'classlist.js';  // Run `npm install --save classlist.js`.\r\n\r\n/**\r\n * Web Animations `@angular/platform-browser/animations`\r\n * Only required if AnimationBuilder is used within the application and using IE/Edge or Safari.\r\n * Standard animation support in Angular DOES NOT require any polyfills (as of Angular 6.0).\r\n */\r\n// import 'web-animations-js';  // Run `npm install --save web-animations-js`.\r\n\r\n/**\r\n * By default, zone.js will patch all possible macroTask and DomEvents\r\n * user can disable parts of macroTask/DomEvents patch by setting following flags\r\n * because those flags need to be set before `zone.js` being loaded, and webpack\r\n * will put import in the top of bundle, so user need to create a separate file\r\n * in this directory (for example: zone-flags.ts), and put the following flags\r\n * into that file, and then add the following code before importing zone.js.\r\n * import './zone-flags';\r\n *\r\n * The flags allowed in zone-flags.ts are listed here.\r\n *\r\n * The following flags will work for all browsers.\r\n *\r\n * (window as any).__Zone_disable_requestAnimationFrame = true; // disable patch requestAnimationFrame\r\n * (window as any).__Zone_disable_on_property = true; // disable patch onProperty such as onclick\r\n * (window as any).__zone_symbol__UNPATCHED_EVENTS = ['scroll', 'mousemove']; // disable patch specified eventNames\r\n *\r\n *  in IE/Edge developer tools, the addEventListener will also be wrapped by zone.js\r\n *  with the following flag, it will bypass `zone.js` patch for IE/Edge\r\n *\r\n *  (window as any).__Zone_enable_cross_context_check = true;\r\n *\r\n */\r\n\r\nimport './zone-flags';\r\n\r\n/***************************************************************************************************\r\n * Zone JS is required by default for Angular itself.\r\n */\r\nimport 'zone.js/dist/zone';  // Included with Angular CLI.\r\n\r\n\r\n/***************************************************************************************************\r\n * APPLICATION IMPORTS\r\n */\r\n"
      ]
    },
    "_coverageSchema": "1a1c01bbd47fc00a2c39e90264f33305004495a9",
    "hash": "09c110ebf8de67fa08cd2f3be40c3aaf32ed110c"
  },
  "C:\\Users\\Edu\\Documents\\ETSINF\\Pin\\whatapplan\\src\\environments\\environment.ts": {
    "path": "C:\\Users\\Edu\\Documents\\ETSINF\\Pin\\whatapplan\\src\\environments\\environment.ts",
    "statementMap": {
      "0": {
        "start": {
          "line": 4,
          "column": 27
        },
        "end": {
          "line": 15,
          "column": 1
        }
      }
    },
    "fnMap": {},
    "branchMap": {},
    "s": {
      "0": 22
    },
    "f": {},
    "b": {},
    "inputSourceMap": {
      "version": 3,
      "file": "environment.js",
      "sourceRoot": "",
      "sources": [
        "C:\\Users\\Edu\\Documents\\ETSINF\\Pin\\whatapplan\\src\\environments\\environment.ts"
      ],
      "names": [],
      "mappings": "AAAA,gFAAgF;AAChF,0EAA0E;AAC1E,gEAAgE;AAEhE,MAAM,CAAC,MAAM,WAAW,GAAG;IACzB,UAAU,EAAE,KAAK;IACjB,cAAc,EAAE;QACd,MAAM,EAAE,yCAAyC;QACjD,UAAU,EAAE,kCAAkC;QAC9C,SAAS,EAAE,kBAAkB;QAC7B,aAAa,EAAE,8BAA8B;QAC7C,iBAAiB,EAAE,aAAa;QAChC,KAAK,EAAE,0CAA0C;QACjD,aAAa,EAAE,cAAc;KAC9B;CACF,CAAC;AAEF;;;;;;GAMG;AACH,mEAAmE",
      "sourcesContent": [
        "// This file can be replaced during build by using the `fileReplacements` array.\r\n// `ng build --prod` replaces `environment.ts` with `environment.prod.ts`.\r\n// The list of file replacements can be found in `angular.json`.\r\n\r\nexport const environment = {\r\n  production: false,\r\n  firebaseConfig: {\r\n    apiKey: \"AIzaSyAeOrt239EG1FDyUBiRm2oaGLuQ2wjIUJo\",\r\n    authDomain: \"whatapplan-55550.firebaseapp.com\",\r\n    projectId: \"whatapplan-55550\",\r\n    storageBucket: \"whatapplan-55550.appspot.com\",\r\n    messagingSenderId: \"73343616360\",\r\n    appId: \"1:73343616360:web:c59f7133b52e96fc0902dd\",\r\n    measurementId: \"G-QX5WSHMD9V\"\r\n  }\r\n};\r\n\r\n/*\r\n * For easier debugging in development mode, you can import the following file\r\n * to ignore zone related error stack frames such as `zone.run`, `zoneDelegate.invokeTask`.\r\n *\r\n * This import should be commented out in production mode because it will have a negative impact\r\n * on performance if an error is thrown.\r\n */\r\n// import 'zone.js/dist/zone-error';  // Included with Angular CLI.\r\n"
      ]
    },
    "_coverageSchema": "1a1c01bbd47fc00a2c39e90264f33305004495a9",
    "hash": "16c110e651563825a9ebb2ca19c6fd0932a454f4"
  },
  "C:\\Users\\Edu\\Documents\\ETSINF\\Pin\\whatapplan\\src\\app\\core\\services\\helpers\\toast.service.ts": {
    "path": "C:\\Users\\Edu\\Documents\\ETSINF\\Pin\\whatapplan\\src\\app\\core\\services\\helpers\\toast.service.ts",
    "statementMap": {
      "0": {
        "start": {
          "line": 4,
          "column": 15
        },
        "end": {
          "line": 39,
          "column": 1
        }
      },
      "1": {
        "start": {
          "line": 6,
          "column": 8
        },
        "end": {
          "line": 6,
          "column": 47
        }
      },
      "2": {
        "start": {
          "line": 7,
          "column": 8
        },
        "end": {
          "line": 7,
          "column": 51
        }
      },
      "3": {
        "start": {
          "line": 8,
          "column": 8
        },
        "end": {
          "line": 8,
          "column": 31
        }
      },
      "4": {
        "start": {
          "line": 11,
          "column": 8
        },
        "end": {
          "line": 17,
          "column": 11
        }
      },
      "5": {
        "start": {
          "line": 12,
          "column": 26
        },
        "end": {
          "line": 15,
          "column": 14
        }
      },
      "6": {
        "start": {
          "line": 16,
          "column": 12
        },
        "end": {
          "line": 16,
          "column": 28
        }
      },
      "7": {
        "start": {
          "line": 20,
          "column": 8
        },
        "end": {
          "line": 31,
          "column": 11
        }
      },
      "8": {
        "start": {
          "line": 21,
          "column": 12
        },
        "end": {
          "line": 21,
          "column": 34
        }
      },
      "9": {
        "start": {
          "line": 22,
          "column": 12
        },
        "end": {
          "line": 30,
          "column": 15
        }
      },
      "10": {
        "start": {
          "line": 25,
          "column": 16
        },
        "end": {
          "line": 29,
          "column": 19
        }
      },
      "11": {
        "start": {
          "line": 26,
          "column": 20
        },
        "end": {
          "line": 28,
          "column": 21
        }
      },
      "12": {
        "start": {
          "line": 27,
          "column": 24
        },
        "end": {
          "line": 27,
          "column": 44
        }
      },
      "13": {
        "start": {
          "line": 34,
          "column": 8
        },
        "end": {
          "line": 37,
          "column": 11
        }
      },
      "14": {
        "start": {
          "line": 35,
          "column": 12
        },
        "end": {
          "line": 35,
          "column": 35
        }
      },
      "15": {
        "start": {
          "line": 36,
          "column": 12
        },
        "end": {
          "line": 36,
          "column": 72
        }
      },
      "16": {
        "start": {
          "line": 40,
          "column": 0
        },
        "end": {
          "line": 43,
          "column": 2
        }
      },
      "17": {
        "start": {
          "line": 40,
          "column": 32
        },
        "end": {
          "line": 43,
          "column": 1
        }
      },
      "18": {
        "start": {
          "line": 44,
          "column": 0
        },
        "end": {
          "line": 48,
          "column": 13
        }
      }
    },
    "fnMap": {
      "0": {
        "name": "(anonymous_0)",
        "decl": {
          "start": {
            "line": 5,
            "column": 4
          },
          "end": {
            "line": 5,
            "column": 5
          }
        },
        "loc": {
          "start": {
            "line": 5,
            "column": 52
          },
          "end": {
            "line": 9,
            "column": 5
          }
        },
        "line": 5
      },
      "1": {
        "name": "(anonymous_1)",
        "decl": {
          "start": {
            "line": 10,
            "column": 4
          },
          "end": {
            "line": 10,
            "column": 5
          }
        },
        "loc": {
          "start": {
            "line": 10,
            "column": 43
          },
          "end": {
            "line": 18,
            "column": 5
          }
        },
        "line": 10
      },
      "2": {
        "name": "(anonymous_2)",
        "decl": {
          "start": {
            "line": 11,
            "column": 47
          },
          "end": {
            "line": 11,
            "column": 48
          }
        },
        "loc": {
          "start": {
            "line": 11,
            "column": 60
          },
          "end": {
            "line": 17,
            "column": 9
          }
        },
        "line": 11
      },
      "3": {
        "name": "(anonymous_3)",
        "decl": {
          "start": {
            "line": 19,
            "column": 4
          },
          "end": {
            "line": 19,
            "column": 5
          }
        },
        "loc": {
          "start": {
            "line": 19,
            "column": 23
          },
          "end": {
            "line": 32,
            "column": 5
          }
        },
        "line": 19
      },
      "4": {
        "name": "(anonymous_4)",
        "decl": {
          "start": {
            "line": 20,
            "column": 47
          },
          "end": {
            "line": 20,
            "column": 48
          }
        },
        "loc": {
          "start": {
            "line": 20,
            "column": 60
          },
          "end": {
            "line": 31,
            "column": 9
          }
        },
        "line": 20
      },
      "5": {
        "name": "(anonymous_5)",
        "decl": {
          "start": {
            "line": 24,
            "column": 20
          },
          "end": {
            "line": 24,
            "column": 21
          }
        },
        "loc": {
          "start": {
            "line": 24,
            "column": 25
          },
          "end": {
            "line": 30,
            "column": 13
          }
        },
        "line": 24
      },
      "6": {
        "name": "(anonymous_6)",
        "decl": {
          "start": {
            "line": 25,
            "column": 33
          },
          "end": {
            "line": 25,
            "column": 34
          }
        },
        "loc": {
          "start": {
            "line": 25,
            "column": 39
          },
          "end": {
            "line": 29,
            "column": 17
          }
        },
        "line": 25
      },
      "7": {
        "name": "(anonymous_7)",
        "decl": {
          "start": {
            "line": 33,
            "column": 4
          },
          "end": {
            "line": 33,
            "column": 5
          }
        },
        "loc": {
          "start": {
            "line": 33,
            "column": 23
          },
          "end": {
            "line": 38,
            "column": 5
          }
        },
        "line": 33
      },
      "8": {
        "name": "(anonymous_8)",
        "decl": {
          "start": {
            "line": 34,
            "column": 47
          },
          "end": {
            "line": 34,
            "column": 48
          }
        },
        "loc": {
          "start": {
            "line": 34,
            "column": 60
          },
          "end": {
            "line": 37,
            "column": 9
          }
        },
        "line": 34
      },
      "9": {
        "name": "(anonymous_9)",
        "decl": {
          "start": {
            "line": 40,
            "column": 26
          },
          "end": {
            "line": 40,
            "column": 27
          }
        },
        "loc": {
          "start": {
            "line": 40,
            "column": 32
          },
          "end": {
            "line": 43,
            "column": 1
          }
        },
        "line": 40
      }
    },
    "branchMap": {
      "0": {
        "loc": {
          "start": {
            "line": 10,
            "column": 26
          },
          "end": {
            "line": 10,
            "column": 41
          }
        },
        "type": "default-arg",
        "locations": [
          {
            "start": {
              "line": 10,
              "column": 37
            },
            "end": {
              "line": 10,
              "column": 41
            }
          }
        ],
        "line": 10
      },
      "1": {
        "loc": {
          "start": {
            "line": 26,
            "column": 20
          },
          "end": {
            "line": 28,
            "column": 21
          }
        },
        "type": "if",
        "locations": [
          {
            "start": {
              "line": 26,
              "column": 20
            },
            "end": {
              "line": 28,
              "column": 21
            }
          },
          {
            "start": {
              "line": 26,
              "column": 20
            },
            "end": {
              "line": 28,
              "column": 21
            }
          }
        ],
        "line": 26
      }
    },
    "s": {
      "0": 22,
      "1": 22,
      "2": 22,
      "3": 22,
      "4": 24,
      "5": 24,
      "6": 24,
      "7": 32,
      "8": 32,
      "9": 32,
      "10": 32,
      "11": 32,
      "12": 10,
      "13": 55,
      "14": 55,
      "15": 55,
      "16": 22,
      "17": 22,
      "18": 22
    },
    "f": {
      "0": 22,
      "1": 24,
      "2": 24,
      "3": 32,
      "4": 32,
      "5": 32,
      "6": 32,
      "7": 55,
      "8": 55,
      "9": 22
    },
    "b": {
      "0": [
        24
      ],
      "1": [
        10,
        22
      ]
    },
    "inputSourceMap": {
      "version": 3,
      "file": "toast.service.js",
      "sourceRoot": "",
      "sources": [
        "C:\\Users\\Edu\\Documents\\ETSINF\\Pin\\whatapplan\\src\\app\\core\\services\\helpers\\toast.service.ts"
      ],
      "names": [],
      "mappings": ";AAAA,OAAO,EAAE,UAAU,EAAE,MAAM,eAAe,CAAC;AAC3C,OAAO,EAAE,iBAAiB,EAAE,eAAe,EAAE,MAAM,gBAAgB,CAAC;IAKvD,QAAQ,SAAR,QAAQ;IAInB,YACU,eAAgC,EAChC,iBAAoC;QADpC,oBAAe,GAAf,eAAe,CAAiB;QAChC,sBAAiB,GAAjB,iBAAiB,CAAmB;QAJ9C,cAAS,GAAG,KAAK,CAAC;IAKf,CAAC;IAGE,YAAY,CAAC,OAAe,EAAE,QAAQ,GAAG,IAAI;;YACjD,MAAM,KAAK,GAAG,MAAM,IAAI,CAAC,eAAe,CAAC,MAAM,CAAC;gBAC9C,OAAO;gBACP,QAAQ;aACT,CAAC,CAAC;YACH,KAAK,CAAC,OAAO,EAAE,CAAC;QAClB,CAAC;KAAA;IAEK,cAAc,CAAC,EAAW;;YAC9B,IAAI,CAAC,SAAS,GAAG,IAAI,CAAC;YACtB,OAAO,MAAM,IAAI,CAAC,iBAAiB,CAAC,MAAM,CAAC;gBACzC,EAAE;aACH,CAAC,CAAC,IAAI,CAAC,CAAC,CAAC,EAAE;gBACV,CAAC,CAAC,OAAO,EAAE,CAAC,IAAI,CAAC,GAAG,EAAE;oBACpB,IAAI,CAAC,IAAI,CAAC,SAAS,EAAE;wBACnB,CAAC,CAAC,OAAO,EAAE,CAAC,KAAK,EAAE,CAAC;qBACrB;gBACH,CAAC,CAAC,CAAC;YACL,CAAC,CAAC,CAAC;QACL,CAAC;KAAA;IAEK,cAAc,CAAC,EAAW;;YAC9B,IAAI,CAAC,SAAS,GAAG,KAAK,CAAC;YACvB,OAAO,MAAM,IAAI,CAAC,iBAAiB,CAAC,OAAO,CAAC,IAAI,EAAE,IAAI,EAAE,EAAE,CAAC,CAAC;QAC9D,CAAC;KAAA;CACF,CAAA;;YAxC2B,eAAe;YAAlC,iBAAiB;;AAKb,QAAQ;IAHpB,UAAU,CAAC;QACV,UAAU,EAAE,MAAM;KACnB,CAAC;GACW,QAAQ,CAmCpB;SAnCY,QAAQ",
      "sourcesContent": [
        "import { Injectable } from '@angular/core';\r\nimport { LoadingController, ToastController } from '@ionic/angular';\r\n\r\n@Injectable({\r\n  providedIn: 'root',\r\n})\r\nexport class UiHelper {\r\n\r\n  isLoading = false;\r\n  \r\n  constructor(\r\n    private toastController: ToastController,\r\n    private loadingController: LoadingController\r\n  ) {}\r\n\r\n\r\n  async presentToast(message: string, duration = 2000) {\r\n    const toast = await this.toastController.create({\r\n      message,\r\n      duration,\r\n    });\r\n    toast.present();\r\n  }\r\n\r\n  async presentLoading(id?: string) {\r\n    this.isLoading = true;\r\n    return await this.loadingController.create({\r\n      id\r\n    }).then(a => {\r\n      a.present().then(() => {\r\n        if (!this.isLoading) {\r\n          a.dismiss().catch();\r\n        }\r\n      });\r\n    });\r\n  }\r\n\r\n  async dismissLoading(id?: string) {\r\n    this.isLoading = false;\r\n    return await this.loadingController.dismiss(null, null, id);\r\n  }\r\n}\r\n"
      ]
    },
    "_coverageSchema": "1a1c01bbd47fc00a2c39e90264f33305004495a9",
    "hash": "5d4983ed43a536540c03afa14df3a88259c3f193"
  },
  "C:\\Users\\Edu\\Documents\\ETSINF\\Pin\\whatapplan\\src\\app\\core\\services\\auth.service.ts": {
    "path": "C:\\Users\\Edu\\Documents\\ETSINF\\Pin\\whatapplan\\src\\app\\core\\services\\auth.service.ts",
    "statementMap": {
      "0": {
        "start": {
          "line": 7,
          "column": 18
        },
        "end": {
          "line": 46,
          "column": 1
        }
      },
      "1": {
        "start": {
          "line": 9,
          "column": 8
        },
        "end": {
          "line": 9,
          "column": 25
        }
      },
      "2": {
        "start": {
          "line": 10,
          "column": 8
        },
        "end": {
          "line": 10,
          "column": 39
        }
      },
      "3": {
        "start": {
          "line": 11,
          "column": 8
        },
        "end": {
          "line": 11,
          "column": 21
        }
      },
      "4": {
        "start": {
          "line": 14,
          "column": 8
        },
        "end": {
          "line": 14,
          "column": 54
        }
      },
      "5": {
        "start": {
          "line": 15,
          "column": 8
        },
        "end": {
          "line": 15,
          "column": 65
        }
      },
      "6": {
        "start": {
          "line": 16,
          "column": 8
        },
        "end": {
          "line": 16,
          "column": 64
        }
      },
      "7": {
        "start": {
          "line": 19,
          "column": 8
        },
        "end": {
          "line": 19,
          "column": 46
        }
      },
      "8": {
        "start": {
          "line": 20,
          "column": 8
        },
        "end": {
          "line": 20,
          "column": 51
        }
      },
      "9": {
        "start": {
          "line": 23,
          "column": 8
        },
        "end": {
          "line": 23,
          "column": 62
        }
      },
      "10": {
        "start": {
          "line": 26,
          "column": 8
        },
        "end": {
          "line": 31,
          "column": 11
        }
      },
      "11": {
        "start": {
          "line": 30,
          "column": 12
        },
        "end": {
          "line": 30,
          "column": 31
        }
      },
      "12": {
        "start": {
          "line": 34,
          "column": 8
        },
        "end": {
          "line": 37,
          "column": 134
        }
      },
      "13": {
        "start": {
          "line": 37,
          "column": 31
        },
        "end": {
          "line": 37,
          "column": 131
        }
      },
      "14": {
        "start": {
          "line": 37,
          "column": 54
        },
        "end": {
          "line": 37,
          "column": 129
        }
      },
      "15": {
        "start": {
          "line": 40,
          "column": 8
        },
        "end": {
          "line": 44,
          "column": 46
        }
      },
      "16": {
        "start": {
          "line": 44,
          "column": 32
        },
        "end": {
          "line": 44,
          "column": 43
        }
      },
      "17": {
        "start": {
          "line": 47,
          "column": 0
        },
        "end": {
          "line": 51,
          "column": 2
        }
      },
      "18": {
        "start": {
          "line": 47,
          "column": 35
        },
        "end": {
          "line": 51,
          "column": 1
        }
      },
      "19": {
        "start": {
          "line": 52,
          "column": 0
        },
        "end": {
          "line": 56,
          "column": 16
        }
      }
    },
    "fnMap": {
      "0": {
        "name": "(anonymous_0)",
        "decl": {
          "start": {
            "line": 8,
            "column": 4
          },
          "end": {
            "line": 8,
            "column": 5
          }
        },
        "loc": {
          "start": {
            "line": 8,
            "column": 39
          },
          "end": {
            "line": 12,
            "column": 5
          }
        },
        "line": 8
      },
      "1": {
        "name": "(anonymous_1)",
        "decl": {
          "start": {
            "line": 13,
            "column": 4
          },
          "end": {
            "line": 13,
            "column": 5
          }
        },
        "loc": {
          "start": {
            "line": 13,
            "column": 24
          },
          "end": {
            "line": 17,
            "column": 5
          }
        },
        "line": 13
      },
      "2": {
        "name": "(anonymous_2)",
        "decl": {
          "start": {
            "line": 18,
            "column": 4
          },
          "end": {
            "line": 18,
            "column": 5
          }
        },
        "loc": {
          "start": {
            "line": 18,
            "column": 22
          },
          "end": {
            "line": 21,
            "column": 5
          }
        },
        "line": 18
      },
      "3": {
        "name": "(anonymous_3)",
        "decl": {
          "start": {
            "line": 22,
            "column": 4
          },
          "end": {
            "line": 22,
            "column": 5
          }
        },
        "loc": {
          "start": {
            "line": 22,
            "column": 21
          },
          "end": {
            "line": 24,
            "column": 5
          }
        },
        "line": 22
      },
      "4": {
        "name": "(anonymous_4)",
        "decl": {
          "start": {
            "line": 25,
            "column": 4
          },
          "end": {
            "line": 25,
            "column": 5
          }
        },
        "loc": {
          "start": {
            "line": 25,
            "column": 35
          },
          "end": {
            "line": 32,
            "column": 5
          }
        },
        "line": 25
      },
      "5": {
        "name": "(anonymous_5)",
        "decl": {
          "start": {
            "line": 28,
            "column": 18
          },
          "end": {
            "line": 28,
            "column": 19
          }
        },
        "loc": {
          "start": {
            "line": 28,
            "column": 28
          },
          "end": {
            "line": 28,
            "column": 31
          }
        },
        "line": 28
      },
      "6": {
        "name": "(anonymous_6)",
        "decl": {
          "start": {
            "line": 29,
            "column": 19
          },
          "end": {
            "line": 29,
            "column": 20
          }
        },
        "loc": {
          "start": {
            "line": 29,
            "column": 30
          },
          "end": {
            "line": 31,
            "column": 9
          }
        },
        "line": 29
      },
      "7": {
        "name": "(anonymous_7)",
        "decl": {
          "start": {
            "line": 33,
            "column": 4
          },
          "end": {
            "line": 33,
            "column": 5
          }
        },
        "loc": {
          "start": {
            "line": 33,
            "column": 15
          },
          "end": {
            "line": 38,
            "column": 5
          }
        },
        "line": 33
      },
      "8": {
        "name": "(anonymous_8)",
        "decl": {
          "start": {
            "line": 37,
            "column": 22
          },
          "end": {
            "line": 37,
            "column": 23
          }
        },
        "loc": {
          "start": {
            "line": 37,
            "column": 31
          },
          "end": {
            "line": 37,
            "column": 131
          }
        },
        "line": 37
      },
      "9": {
        "name": "(anonymous_9)",
        "decl": {
          "start": {
            "line": 37,
            "column": 39
          },
          "end": {
            "line": 37,
            "column": 40
          }
        },
        "loc": {
          "start": {
            "line": 37,
            "column": 54
          },
          "end": {
            "line": 37,
            "column": 129
          }
        },
        "line": 37
      },
      "10": {
        "name": "(anonymous_10)",
        "decl": {
          "start": {
            "line": 39,
            "column": 4
          },
          "end": {
            "line": 39,
            "column": 5
          }
        },
        "loc": {
          "start": {
            "line": 39,
            "column": 20
          },
          "end": {
            "line": 45,
            "column": 5
          }
        },
        "line": 39
      },
      "11": {
        "name": "(anonymous_11)",
        "decl": {
          "start": {
            "line": 44,
            "column": 22
          },
          "end": {
            "line": 44,
            "column": 23
          }
        },
        "loc": {
          "start": {
            "line": 44,
            "column": 32
          },
          "end": {
            "line": 44,
            "column": 43
          }
        },
        "line": 44
      },
      "12": {
        "name": "(anonymous_12)",
        "decl": {
          "start": {
            "line": 47,
            "column": 29
          },
          "end": {
            "line": 47,
            "column": 30
          }
        },
        "loc": {
          "start": {
            "line": 47,
            "column": 35
          },
          "end": {
            "line": 51,
            "column": 1
          }
        },
        "line": 47
      }
    },
    "branchMap": {},
    "s": {
      "0": 22,
      "1": 22,
      "2": 22,
      "3": 22,
      "4": 12,
      "5": 12,
      "6": 12,
      "7": 0,
      "8": 0,
      "9": 76,
      "10": 12,
      "11": 0,
      "12": 12,
      "13": 35,
      "14": 420,
      "15": 47,
      "16": 15,
      "17": 22,
      "18": 22,
      "19": 22
    },
    "f": {
      "0": 22,
      "1": 12,
      "2": 0,
      "3": 76,
      "4": 12,
      "5": 12,
      "6": 0,
      "7": 12,
      "8": 35,
      "9": 420,
      "10": 47,
      "11": 15,
      "12": 22
    },
    "b": {},
    "inputSourceMap": {
      "version": 3,
      "file": "auth.service.js",
      "sourceRoot": "",
      "sources": [
        "C:\\Users\\Edu\\Documents\\ETSINF\\Pin\\whatapplan\\src\\app\\core\\services\\auth.service.ts"
      ],
      "names": [],
      "mappings": ";AAAA,OAAO,EAAE,UAAU,EAAE,MAAM,eAAe,CAAC;AAC3C,OAAO,EAAE,eAAe,EAAE,MAAM,2BAA2B,CAAC;AAC5D,OAAO,EAAE,gBAAgB,EAAE,MAAM,gCAAgC,CAAC;AAElE,OAAO,EAAE,GAAG,EAAO,MAAM,gBAAgB,CAAC;AAE1C,OAAO,EAAE,QAAQ,EAAE,MAAM,yBAAyB,CAAC;IAKtC,WAAW,SAAX,WAAW;IActB,YACS,IAAqB,EACpB,WAA6B,EAC7B,EAAY;QAFb,SAAI,GAAJ,IAAI,CAAiB;QACpB,gBAAW,GAAX,WAAW,CAAkB;QAC7B,OAAE,GAAF,EAAE,CAAU;IACnB,CAAC;IAjBJ,aAAa,CAAC,IAAW;QACvB,IAAI,CAAC,aAAa,CAAC,IAAI,CAAC,KAAK,EAAC,IAAI,CAAC,QAAQ,CAAC,CAAC;QAC7C,YAAY,CAAC,OAAO,CAAC,YAAY,EAAE,IAAI,CAAC,SAAS,CAAC,IAAI,CAAC,CAAC,CAAC;QACzD,IAAI,CAAC,EAAE,CAAC,YAAY,CAAC,aAAa,GAAG,IAAI,CAAC,IAAI,GAAG,KAAK,CAAC,CAAC;IAC1D,CAAC;IACD,eAAe;QACb,YAAY,CAAC,UAAU,CAAC,YAAY,CAAC,CAAC;QACtC,IAAI,CAAC,EAAE,CAAC,YAAY,CAAC,oBAAoB,CAAC,CAAC;IAC7C,CAAC;IACD,IAAI,UAAU;QACZ,OAAO,IAAI,CAAC,KAAK,CAAC,YAAY,CAAC,OAAO,CAAC,YAAY,CAAC,CAAC,CAAC;IACxD,CAAC;IAQD,aAAa,CAAC,KAAa,EAAE,QAAgB;QAC3C,IAAI,CAAC,IAAI;aACN,0BAA0B,CAAC,KAAK,EAAE,QAAQ,CAAC;aAC3C,IAAI,CAAC,CAAC,IAAI,EAAE,EAAE,GAAE,CAAC,CAAC;aAClB,KAAK,CAAC,CAAC,KAAK,EAAE,EAAE;YACf,OAAO,CAAC,GAAG,CAAC,KAAK,CAAC,CAAC;QACrB,CAAC,CAAC,CAAC;IACP,CAAC;IAED,QAAQ;QACN,OAAO,IAAI,CAAC,WAAW;aACpB,UAAU,CAAC,SAAS,CAAC;aACrB,eAAe,EAAE;aACjB,IAAI,CACH,GAAG,CAAC,CAAC,GAAG,EAAE,EAAE,CACV,GAAG,CAAC,GAAG,CAAC,CAAC,QAAa,EAAE,EAAE,CAAC,iBACzB,EAAE,EAAE,QAAQ,CAAC,OAAO,CAAC,GAAG,CAAC,EAAE,IACxB,QAAQ,CAAC,OAAO,CAAC,GAAG,CAAC,IAAI,EAAE,EAC9B,CAAC,CACJ,CACqB,CAAC;IAC7B,CAAC;IAED,WAAW,CAAC,EAAU;QACpB,OAAO,IAAI,CAAC,WAAW;aACtB,UAAU,CAAC,SAAS,CAAC;aACrB,GAAG,CAAC,EAAE,CAAC;aACP,GAAG,EAAE;aACL,IAAI,CACH,GAAG,CAAC,CAAC,IAAS,EAAE,EAAE,CAAC,IAAI,CAAC,IAAI,EAAE,CAAC,CAChC,CAAC;IACJ,CAAC;CACF,CAAA;;YA9DQ,eAAe;YACf,gBAAgB;YAIhB,QAAQ;;AAKJ,WAAW;IAHvB,UAAU,CAAC;QACV,UAAU,EAAE,MAAM;KACnB,CAAC;GACW,WAAW,CAoDvB;SApDY,WAAW",
      "sourcesContent": [
        "import { Injectable } from '@angular/core';\r\nimport { AngularFireAuth } from '@angular/fire/compat/auth';\r\nimport { AngularFirestore } from '@angular/fire/compat/firestore';\r\nimport { Observable } from 'rxjs';\r\nimport { map, tap } from 'rxjs/operators';\r\nimport { IUser } from '../models/usuario';\r\nimport { UiHelper } from './helpers/toast.service';\r\n\r\n@Injectable({\r\n  providedIn: 'root',\r\n})\r\nexport class AuthService {\r\n  setLoggedUser(user: IUser) {\r\n    this.loginFireauth(user.email,user.password);\r\n    localStorage.setItem('loggedUser', JSON.stringify(user));\r\n    this.ui.presentToast('Bienvenido ' + user.name + ' :)');\r\n  }\r\n  eraseLoggedUser() {\r\n    localStorage.removeItem('loggedUser');\r\n    this.ui.presentToast('Has cerrado sesión');\r\n  }\r\n  get loggedUser() {\r\n    return JSON.parse(localStorage.getItem('loggedUser'));\r\n  }\r\n\r\n  constructor(\r\n    public auth: AngularFireAuth,\r\n    private ngFirestore: AngularFirestore,\r\n    private ui: UiHelper\r\n  ) {}\r\n\r\n  loginFireauth(email: string, password: string) {\r\n    this.auth\r\n      .signInWithEmailAndPassword(email, password)\r\n      .then((user) => {})\r\n      .catch((error) => {\r\n        console.log(error);\r\n      });\r\n  }\r\n\r\n  getUsers() {\r\n    return this.ngFirestore\r\n      .collection('usuario')\r\n      .snapshotChanges()\r\n      .pipe(\r\n        map((res) =>\r\n          res.map((planItem: any) => ({\r\n            id: planItem.payload.doc.id,\r\n            ...planItem.payload.doc.data(),\r\n          }))\r\n        )\r\n      ) as Observable<IUser[]>;\r\n  }\r\n\r\n  getUserById(id: string) {\r\n    return this.ngFirestore\r\n    .collection('usuario')\r\n    .doc(id)\r\n    .get()\r\n    .pipe(\r\n      map((data: any) => data.data()),\r\n    );\r\n  }\r\n}\r\n"
      ]
    },
    "_coverageSchema": "1a1c01bbd47fc00a2c39e90264f33305004495a9",
    "hash": "e63cd10cf65234bf0edd2afad55afa1f6e9d7ae4"
  },
  "C:\\Users\\Edu\\Documents\\ETSINF\\Pin\\whatapplan\\src\\app\\core\\components\\user-selection-modal\\user-selection-modal.component.ts": {
    "path": "C:\\Users\\Edu\\Documents\\ETSINF\\Pin\\whatapplan\\src\\app\\core\\components\\user-selection-modal\\user-selection-modal.component.ts",
    "statementMap": {
      "0": {
        "start": {
          "line": 8,
          "column": 34
        },
        "end": {
          "line": 30,
          "column": 1
        }
      },
      "1": {
        "start": {
          "line": 10,
          "column": 8
        },
        "end": {
          "line": 10,
          "column": 25
        }
      },
      "2": {
        "start": {
          "line": 11,
          "column": 8
        },
        "end": {
          "line": 11,
          "column": 21
        }
      },
      "3": {
        "start": {
          "line": 12,
          "column": 8
        },
        "end": {
          "line": 12,
          "column": 47
        }
      },
      "4": {
        "start": {
          "line": 13,
          "column": 8
        },
        "end": {
          "line": 13,
          "column": 24
        }
      },
      "5": {
        "start": {
          "line": 16,
          "column": 8
        },
        "end": {
          "line": 22,
          "column": 11
        }
      },
      "6": {
        "start": {
          "line": 17,
          "column": 12
        },
        "end": {
          "line": 17,
          "column": 58
        }
      },
      "7": {
        "start": {
          "line": 18,
          "column": 12
        },
        "end": {
          "line": 21,
          "column": 15
        }
      },
      "8": {
        "start": {
          "line": 19,
          "column": 16
        },
        "end": {
          "line": 19,
          "column": 35
        }
      },
      "9": {
        "start": {
          "line": 20,
          "column": 16
        },
        "end": {
          "line": 20,
          "column": 56
        }
      },
      "10": {
        "start": {
          "line": 25,
          "column": 8
        },
        "end": {
          "line": 28,
          "column": 11
        }
      },
      "11": {
        "start": {
          "line": 26,
          "column": 12
        },
        "end": {
          "line": 26,
          "column": 42
        }
      },
      "12": {
        "start": {
          "line": 27,
          "column": 12
        },
        "end": {
          "line": 27,
          "column": 53
        }
      },
      "13": {
        "start": {
          "line": 31,
          "column": 0
        },
        "end": {
          "line": 35,
          "column": 2
        }
      },
      "14": {
        "start": {
          "line": 31,
          "column": 51
        },
        "end": {
          "line": 35,
          "column": 1
        }
      },
      "15": {
        "start": {
          "line": 36,
          "column": 0
        },
        "end": {
          "line": 42,
          "column": 32
        }
      }
    },
    "fnMap": {
      "0": {
        "name": "(anonymous_0)",
        "decl": {
          "start": {
            "line": 9,
            "column": 4
          },
          "end": {
            "line": 9,
            "column": 5
          }
        },
        "loc": {
          "start": {
            "line": 9,
            "column": 43
          },
          "end": {
            "line": 14,
            "column": 5
          }
        },
        "line": 9
      },
      "1": {
        "name": "(anonymous_1)",
        "decl": {
          "start": {
            "line": 15,
            "column": 4
          },
          "end": {
            "line": 15,
            "column": 5
          }
        },
        "loc": {
          "start": {
            "line": 15,
            "column": 15
          },
          "end": {
            "line": 23,
            "column": 5
          }
        },
        "line": 15
      },
      "2": {
        "name": "(anonymous_2)",
        "decl": {
          "start": {
            "line": 16,
            "column": 47
          },
          "end": {
            "line": 16,
            "column": 48
          }
        },
        "loc": {
          "start": {
            "line": 16,
            "column": 60
          },
          "end": {
            "line": 22,
            "column": 9
          }
        },
        "line": 16
      },
      "3": {
        "name": "(anonymous_3)",
        "decl": {
          "start": {
            "line": 18,
            "column": 43
          },
          "end": {
            "line": 18,
            "column": 44
          }
        },
        "loc": {
          "start": {
            "line": 18,
            "column": 54
          },
          "end": {
            "line": 21,
            "column": 13
          }
        },
        "line": 18
      },
      "4": {
        "name": "(anonymous_4)",
        "decl": {
          "start": {
            "line": 24,
            "column": 4
          },
          "end": {
            "line": 24,
            "column": 5
          }
        },
        "loc": {
          "start": {
            "line": 24,
            "column": 21
          },
          "end": {
            "line": 29,
            "column": 5
          }
        },
        "line": 24
      },
      "5": {
        "name": "(anonymous_5)",
        "decl": {
          "start": {
            "line": 25,
            "column": 47
          },
          "end": {
            "line": 25,
            "column": 48
          }
        },
        "loc": {
          "start": {
            "line": 25,
            "column": 60
          },
          "end": {
            "line": 28,
            "column": 9
          }
        },
        "line": 25
      },
      "6": {
        "name": "(anonymous_6)",
        "decl": {
          "start": {
            "line": 31,
            "column": 45
          },
          "end": {
            "line": 31,
            "column": 46
          }
        },
        "loc": {
          "start": {
            "line": 31,
            "column": 51
          },
          "end": {
            "line": 35,
            "column": 1
          }
        },
        "line": 31
      }
    },
    "branchMap": {},
    "s": {
      "0": 22,
      "1": 12,
      "2": 12,
      "3": 12,
      "4": 12,
      "5": 12,
      "6": 12,
      "7": 12,
      "8": 35,
      "9": 35,
      "10": 12,
      "11": 12,
      "12": 12,
      "13": 22,
      "14": 12,
      "15": 22
    },
    "f": {
      "0": 12,
      "1": 12,
      "2": 12,
      "3": 35,
      "4": 12,
      "5": 12,
      "6": 12
    },
    "b": {},
    "inputSourceMap": {
      "version": 3,
      "file": "user-selection-modal.component.js",
      "sourceRoot": "",
      "sources": [
        "C:\\Users\\Edu\\Documents\\ETSINF\\Pin\\whatapplan\\src\\app\\core\\components\\user-selection-modal\\user-selection-modal.component.ts"
      ],
      "names": [],
      "mappings": ";;;AAAA,OAAO,EAAE,SAAS,EAAU,MAAM,eAAe,CAAC;AAClD,OAAO,EAAE,eAAe,EAAE,MAAM,gBAAgB,CAAC;AAIjD,OAAO,EAAE,WAAW,EAAE,MAAM,6BAA6B,CAAC;AAC1D,OAAO,EAAE,QAAQ,EAAE,MAAM,sCAAsC,CAAC;IAOnD,2BAA2B,SAA3B,2BAA2B;IAEtC,YACU,IAAiB,EACjB,EAAY,EACZ,eAAgC;QAFhC,SAAI,GAAJ,IAAI,CAAa;QACjB,OAAE,GAAF,EAAE,CAAU;QACZ,oBAAe,GAAf,eAAe,CAAiB;QAJ1C,UAAK,GAAY,EAAE,CAAC;IAKjB,CAAC;IAEE,QAAQ;;YACZ,MAAM,IAAI,CAAC,EAAE,CAAC,cAAc,CAAC,eAAe,CAAC,CAAC;YAC9C,IAAI,CAAC,IAAI,CAAC,QAAQ,EAAE,CAAC,SAAS,CAAC,CAAC,KAAK,EAAE,EAAE;gBACvC,IAAI,CAAC,KAAK,GAAG,KAAK,CAAC;gBACnB,IAAI,CAAC,EAAE,CAAC,cAAc,CAAC,eAAe,CAAC,CAAC;YAC1C,CAAC,CAAC,CAAC;QACL,CAAC;KAAA;IACK,UAAU,CAAC,IAAW;;YAC1B,IAAI,CAAC,IAAI,CAAC,aAAa,CAAC,IAAI,CAAC,CAAC;YAC9B,MAAM,IAAI,CAAC,eAAe,CAAC,OAAO,CAAC,IAAI,CAAC,CAAC;QAC3C,CAAC;KAAA;CACF,CAAA;;YA3BQ,WAAW;YACX,QAAQ;YALR,eAAe;;AAYX,2BAA2B;IALvC,SAAS,CAAC;QACT,QAAQ,EAAE,0BAA0B;QACpC,8BAAoD;;KAErD,CAAC;GACW,2BAA2B,CAmBvC;SAnBY,2BAA2B",
      "sourcesContent": [
        "import { Component, OnInit } from '@angular/core';\r\nimport { ModalController } from '@ionic/angular';\r\nimport { Observable } from 'rxjs';\r\nimport { finalize, tap } from 'rxjs/operators';\r\nimport { IUser } from '../../models/usuario';\r\nimport { AuthService } from '../../services/auth.service';\r\nimport { UiHelper } from '../../services/helpers/toast.service';\r\n\r\n@Component({\r\n  selector: 'app-user-selection-modal',\r\n  templateUrl: './user-selection-modal.component.html',\r\n  styleUrls: ['./user-selection-modal.component.scss'],\r\n})\r\nexport class UserSelectionModalComponent implements OnInit {\r\n  users: IUser[] = [];\r\n  constructor(\r\n    private auth: AuthService,\r\n    private ui: UiHelper,\r\n    private modalController: ModalController\r\n  ) {}\r\n\r\n  async ngOnInit() {\r\n    await this.ui.presentLoading('getting-users');\r\n    this.auth.getUsers().subscribe((users) => {\r\n      this.users = users;\r\n      this.ui.dismissLoading('getting-users');\r\n    });\r\n  }\r\n  async selectUser(user: IUser) {\r\n    this.auth.setLoggedUser(user);\r\n    await this.modalController.dismiss(user);\r\n  }\r\n}\r\n"
      ]
    },
    "_coverageSchema": "1a1c01bbd47fc00a2c39e90264f33305004495a9",
    "hash": "0aae0f659a8a42451b8bfd471e3b0e82d865a2fe"
  },
  "C:\\Users\\Edu\\Documents\\ETSINF\\Pin\\whatapplan\\src\\app\\core\\guards\\auth.guard.ts": {
    "path": "C:\\Users\\Edu\\Documents\\ETSINF\\Pin\\whatapplan\\src\\app\\core\\guards\\auth.guard.ts",
    "statementMap": {
      "0": {
        "start": {
          "line": 7,
          "column": 16
        },
        "end": {
          "line": 37,
          "column": 1
        }
      },
      "1": {
        "start": {
          "line": 9,
          "column": 8
        },
        "end": {
          "line": 9,
          "column": 25
        }
      },
      "2": {
        "start": {
          "line": 10,
          "column": 8
        },
        "end": {
          "line": 10,
          "column": 47
        }
      },
      "3": {
        "start": {
          "line": 11,
          "column": 8
        },
        "end": {
          "line": 11,
          "column": 29
        }
      },
      "4": {
        "start": {
          "line": 12,
          "column": 8
        },
        "end": {
          "line": 12,
          "column": 22
        }
      },
      "5": {
        "start": {
          "line": 15,
          "column": 8
        },
        "end": {
          "line": 21,
          "column": 9
        }
      },
      "6": {
        "start": {
          "line": 16,
          "column": 12
        },
        "end": {
          "line": 16,
          "column": 24
        }
      },
      "7": {
        "start": {
          "line": 19,
          "column": 12
        },
        "end": {
          "line": 19,
          "column": 33
        }
      },
      "8": {
        "start": {
          "line": 20,
          "column": 12
        },
        "end": {
          "line": 20,
          "column": 35
        }
      },
      "9": {
        "start": {
          "line": 24,
          "column": 8
        },
        "end": {
          "line": 35,
          "column": 11
        }
      },
      "10": {
        "start": {
          "line": 25,
          "column": 26
        },
        "end": {
          "line": 27,
          "column": 14
        }
      },
      "11": {
        "start": {
          "line": 28,
          "column": 12
        },
        "end": {
          "line": 33,
          "column": 15
        }
      },
      "12": {
        "start": {
          "line": 29,
          "column": 16
        },
        "end": {
          "line": 32,
          "column": 17
        }
      },
      "13": {
        "start": {
          "line": 31,
          "column": 20
        },
        "end": {
          "line": 31,
          "column": 53
        }
      },
      "14": {
        "start": {
          "line": 34,
          "column": 12
        },
        "end": {
          "line": 34,
          "column": 34
        }
      },
      "15": {
        "start": {
          "line": 38,
          "column": 0
        },
        "end": {
          "line": 42,
          "column": 2
        }
      },
      "16": {
        "start": {
          "line": 38,
          "column": 33
        },
        "end": {
          "line": 42,
          "column": 1
        }
      },
      "17": {
        "start": {
          "line": 43,
          "column": 0
        },
        "end": {
          "line": 47,
          "column": 14
        }
      }
    },
    "fnMap": {
      "0": {
        "name": "(anonymous_0)",
        "decl": {
          "start": {
            "line": 8,
            "column": 4
          },
          "end": {
            "line": 8,
            "column": 5
          }
        },
        "loc": {
          "start": {
            "line": 8,
            "column": 47
          },
          "end": {
            "line": 13,
            "column": 5
          }
        },
        "line": 8
      },
      "1": {
        "name": "(anonymous_1)",
        "decl": {
          "start": {
            "line": 14,
            "column": 4
          },
          "end": {
            "line": 14,
            "column": 5
          }
        },
        "loc": {
          "start": {
            "line": 14,
            "column": 30
          },
          "end": {
            "line": 22,
            "column": 5
          }
        },
        "line": 14
      },
      "2": {
        "name": "(anonymous_2)",
        "decl": {
          "start": {
            "line": 23,
            "column": 4
          },
          "end": {
            "line": 23,
            "column": 5
          }
        },
        "loc": {
          "start": {
            "line": 23,
            "column": 22
          },
          "end": {
            "line": 36,
            "column": 5
          }
        },
        "line": 23
      },
      "3": {
        "name": "(anonymous_3)",
        "decl": {
          "start": {
            "line": 24,
            "column": 47
          },
          "end": {
            "line": 24,
            "column": 48
          }
        },
        "loc": {
          "start": {
            "line": 24,
            "column": 60
          },
          "end": {
            "line": 35,
            "column": 9
          }
        },
        "line": 24
      },
      "4": {
        "name": "(anonymous_4)",
        "decl": {
          "start": {
            "line": 28,
            "column": 39
          },
          "end": {
            "line": 28,
            "column": 40
          }
        },
        "loc": {
          "start": {
            "line": 28,
            "column": 53
          },
          "end": {
            "line": 33,
            "column": 13
          }
        },
        "line": 28
      },
      "5": {
        "name": "(anonymous_5)",
        "decl": {
          "start": {
            "line": 38,
            "column": 27
          },
          "end": {
            "line": 38,
            "column": 28
          }
        },
        "loc": {
          "start": {
            "line": 38,
            "column": 33
          },
          "end": {
            "line": 42,
            "column": 1
          }
        },
        "line": 38
      }
    },
    "branchMap": {
      "0": {
        "loc": {
          "start": {
            "line": 15,
            "column": 8
          },
          "end": {
            "line": 21,
            "column": 9
          }
        },
        "type": "if",
        "locations": [
          {
            "start": {
              "line": 15,
              "column": 8
            },
            "end": {
              "line": 21,
              "column": 9
            }
          },
          {
            "start": {
              "line": 15,
              "column": 8
            },
            "end": {
              "line": 21,
              "column": 9
            }
          }
        ],
        "line": 15
      },
      "1": {
        "loc": {
          "start": {
            "line": 29,
            "column": 16
          },
          "end": {
            "line": 32,
            "column": 17
          }
        },
        "type": "if",
        "locations": [
          {
            "start": {
              "line": 29,
              "column": 16
            },
            "end": {
              "line": 32,
              "column": 17
            }
          },
          {
            "start": {
              "line": 29,
              "column": 16
            },
            "end": {
              "line": 32,
              "column": 17
            }
          }
        ],
        "line": 29
      }
    },
    "s": {
      "0": 22,
      "1": 22,
      "2": 22,
      "3": 22,
      "4": 22,
      "5": 34,
      "6": 22,
      "7": 12,
      "8": 12,
      "9": 12,
      "10": 12,
      "11": 12,
      "12": 12,
      "13": 12,
      "14": 12,
      "15": 22,
      "16": 22,
      "17": 22
    },
    "f": {
      "0": 22,
      "1": 34,
      "2": 12,
      "3": 12,
      "4": 12,
      "5": 22
    },
    "b": {
      "0": [
        22,
        12
      ],
      "1": [
        12,
        0
      ]
    },
    "inputSourceMap": {
      "version": 3,
      "file": "auth.guard.js",
      "sourceRoot": "",
      "sources": [
        "C:\\Users\\Edu\\Documents\\ETSINF\\Pin\\whatapplan\\src\\app\\core\\guards\\auth.guard.ts"
      ],
      "names": [],
      "mappings": ";AAAA,OAAO,EAAE,UAAU,EAAE,MAAM,eAAe,CAAC;AAC3C,OAAO,EAGL,MAAM,GAEP,MAAM,iBAAiB,CAAC;AACzB,OAAO,EAAE,eAAe,EAAE,MAAM,gBAAgB,CAAC;AACjD,OAAO,EAAE,2BAA2B,EAAE,MAAM,mEAAmE,CAAC;AAChH,OAAO,EAAE,WAAW,EAAE,MAAM,0BAA0B,CAAC;IAM1C,SAAS,SAAT,SAAS;IAEpB,YACU,IAAiB,EACjB,eAAgC,EAChC,MAAc;QAFd,SAAI,GAAJ,IAAI,CAAa;QACjB,oBAAe,GAAf,eAAe,CAAiB;QAChC,WAAM,GAAN,MAAM,CAAQ;QAJxB,QAAG,GAAG,EAAE,CAAC;IAKN,CAAC;IAEJ,WAAW,CACT,KAA6B,EAC7B,KAA0B;QAE1B,IAAI,IAAI,CAAC,IAAI,CAAC,UAAU,EAAE;YACxB,OAAO,IAAI,CAAC;SACb;aAAM;YACL,IAAI,CAAC,GAAG,GAAG,KAAK,CAAC,GAAG,CAAC;YACrB,IAAI,CAAC,eAAe,EAAE,CAAC;SACxB;IACH,CAAC;IAEK,eAAe;;YACnB,MAAM,KAAK,GAAG,MAAM,IAAI,CAAC,eAAe,CAAC,MAAM,CAAC;gBAC9C,SAAS,EAAE,2BAA2B;aACvC,CAAC,CAAC;YACH,KAAK,CAAC,aAAa,EAAE,CAAC,IAAI,CAAC,CAAC,EAAE,IAAI,EAAE,EAAE,EAAE;gBACtC,IAAI,IAAI,EAAE;oBACR,iCAAiC;oBACjC,IAAI,CAAC,MAAM,CAAC,QAAQ,CAAC,CAAC,IAAI,CAAC,GAAG,CAAC,CAAC,CAAC;iBAClC;YACH,CAAC,CAAC,CAAC;YAEH,MAAM,KAAK,CAAC,OAAO,EAAE,CAAC;QACxB,CAAC;KAAA;CACF,CAAA;;YAvCQ,WAAW;YAFX,eAAe;YAHtB,MAAM;;AAWK,SAAS;IAHrB,UAAU,CAAC;QACV,UAAU,EAAE,MAAM;KACnB,CAAC;GACW,SAAS,CAiCrB;SAjCY,SAAS",
      "sourcesContent": [
        "import { Injectable } from '@angular/core';\r\nimport {\r\n  ActivatedRouteSnapshot,\r\n  CanActivate,\r\n  Router,\r\n  RouterStateSnapshot,\r\n} from '@angular/router';\r\nimport { ModalController } from '@ionic/angular';\r\nimport { UserSelectionModalComponent } from '../components/user-selection-modal/user-selection-modal.component';\r\nimport { AuthService } from '../services/auth.service';\r\nimport { UiHelper } from '../services/helpers/toast.service';\r\n\r\n@Injectable({\r\n  providedIn: 'root',\r\n})\r\nexport class AuthGuard implements CanActivate {\r\n  url = '';\r\n  constructor(\r\n    private auth: AuthService,\r\n    private modalController: ModalController,\r\n    private router: Router\r\n  ) {}\r\n\r\n  canActivate(\r\n    route: ActivatedRouteSnapshot,\r\n    state: RouterStateSnapshot\r\n  ): boolean {\r\n    if (this.auth.loggedUser) {\r\n      return true;\r\n    } else {\r\n      this.url = state.url;\r\n      this.selectUserModal();\r\n    }\r\n  }\r\n\r\n  async selectUserModal() {\r\n    const modal = await this.modalController.create({\r\n      component: UserSelectionModalComponent,\r\n    });\r\n    modal.onWillDismiss().then(({ data }) => {\r\n      if (data) {\r\n        // this.auth.setLoggedUser(data);\r\n        this.router.navigate([this.url]);\r\n      }\r\n    });\r\n\r\n    await modal.present();\r\n  }\r\n}\r\n"
      ]
    },
    "_coverageSchema": "1a1c01bbd47fc00a2c39e90264f33305004495a9",
    "hash": "4f04d9921f617777f740475cb488ea1317e09029"
  },
  "C:\\Users\\Edu\\Documents\\ETSINF\\Pin\\whatapplan\\src\\app\\app-routing.module.ts": {
    "path": "C:\\Users\\Edu\\Documents\\ETSINF\\Pin\\whatapplan\\src\\app\\app-routing.module.ts",
    "statementMap": {
      "0": {
        "start": {
          "line": 5,
          "column": 15
        },
        "end": {
          "line": 57,
          "column": 1
        }
      },
      "1": {
        "start": {
          "line": 13,
          "column": 36
        },
        "end": {
          "line": 13,
          "column": 94
        }
      },
      "2": {
        "start": {
          "line": 13,
          "column": 77
        },
        "end": {
          "line": 13,
          "column": 93
        }
      },
      "3": {
        "start": {
          "line": 17,
          "column": 36
        },
        "end": {
          "line": 17,
          "column": 133
        }
      },
      "4": {
        "start": {
          "line": 17,
          "column": 109
        },
        "end": {
          "line": 17,
          "column": 132
        }
      },
      "5": {
        "start": {
          "line": 21,
          "column": 36
        },
        "end": {
          "line": 21,
          "column": 131
        }
      },
      "6": {
        "start": {
          "line": 21,
          "column": 105
        },
        "end": {
          "line": 21,
          "column": 130
        }
      },
      "7": {
        "start": {
          "line": 25,
          "column": 36
        },
        "end": {
          "line": 25,
          "column": 121
        }
      },
      "8": {
        "start": {
          "line": 25,
          "column": 101
        },
        "end": {
          "line": 25,
          "column": 120
        }
      },
      "9": {
        "start": {
          "line": 29,
          "column": 36
        },
        "end": {
          "line": 29,
          "column": 125
        }
      },
      "10": {
        "start": {
          "line": 29,
          "column": 101
        },
        "end": {
          "line": 29,
          "column": 124
        }
      },
      "11": {
        "start": {
          "line": 33,
          "column": 36
        },
        "end": {
          "line": 33,
          "column": 113
        }
      },
      "12": {
        "start": {
          "line": 33,
          "column": 93
        },
        "end": {
          "line": 33,
          "column": 112
        }
      },
      "13": {
        "start": {
          "line": 37,
          "column": 36
        },
        "end": {
          "line": 37,
          "column": 119
        }
      },
      "14": {
        "start": {
          "line": 37,
          "column": 99
        },
        "end": {
          "line": 37,
          "column": 118
        }
      },
      "15": {
        "start": {
          "line": 41,
          "column": 36
        },
        "end": {
          "line": 41,
          "column": 122
        }
      },
      "16": {
        "start": {
          "line": 41,
          "column": 99
        },
        "end": {
          "line": 41,
          "column": 121
        }
      },
      "17": {
        "start": {
          "line": 45,
          "column": 36
        },
        "end": {
          "line": 45,
          "column": 111
        }
      },
      "18": {
        "start": {
          "line": 45,
          "column": 91
        },
        "end": {
          "line": 45,
          "column": 110
        }
      },
      "19": {
        "start": {
          "line": 49,
          "column": 36
        },
        "end": {
          "line": 49,
          "column": 100
        }
      },
      "20": {
        "start": {
          "line": 49,
          "column": 83
        },
        "end": {
          "line": 49,
          "column": 99
        }
      },
      "21": {
        "start": {
          "line": 58,
          "column": 23
        },
        "end": {
          "line": 59,
          "column": 1
        }
      },
      "22": {
        "start": {
          "line": 60,
          "column": 0
        },
        "end": {
          "line": 67,
          "column": 21
        }
      }
    },
    "fnMap": {
      "0": {
        "name": "(anonymous_0)",
        "decl": {
          "start": {
            "line": 13,
            "column": 30
          },
          "end": {
            "line": 13,
            "column": 31
          }
        },
        "loc": {
          "start": {
            "line": 13,
            "column": 36
          },
          "end": {
            "line": 13,
            "column": 94
          }
        },
        "line": 13
      },
      "1": {
        "name": "(anonymous_1)",
        "decl": {
          "start": {
            "line": 13,
            "column": 70
          },
          "end": {
            "line": 13,
            "column": 71
          }
        },
        "loc": {
          "start": {
            "line": 13,
            "column": 77
          },
          "end": {
            "line": 13,
            "column": 93
          }
        },
        "line": 13
      },
      "2": {
        "name": "(anonymous_2)",
        "decl": {
          "start": {
            "line": 17,
            "column": 30
          },
          "end": {
            "line": 17,
            "column": 31
          }
        },
        "loc": {
          "start": {
            "line": 17,
            "column": 36
          },
          "end": {
            "line": 17,
            "column": 133
          }
        },
        "line": 17
      },
      "3": {
        "name": "(anonymous_3)",
        "decl": {
          "start": {
            "line": 17,
            "column": 102
          },
          "end": {
            "line": 17,
            "column": 103
          }
        },
        "loc": {
          "start": {
            "line": 17,
            "column": 109
          },
          "end": {
            "line": 17,
            "column": 132
          }
        },
        "line": 17
      },
      "4": {
        "name": "(anonymous_4)",
        "decl": {
          "start": {
            "line": 21,
            "column": 30
          },
          "end": {
            "line": 21,
            "column": 31
          }
        },
        "loc": {
          "start": {
            "line": 21,
            "column": 36
          },
          "end": {
            "line": 21,
            "column": 131
          }
        },
        "line": 21
      },
      "5": {
        "name": "(anonymous_5)",
        "decl": {
          "start": {
            "line": 21,
            "column": 98
          },
          "end": {
            "line": 21,
            "column": 99
          }
        },
        "loc": {
          "start": {
            "line": 21,
            "column": 105
          },
          "end": {
            "line": 21,
            "column": 130
          }
        },
        "line": 21
      },
      "6": {
        "name": "(anonymous_6)",
        "decl": {
          "start": {
            "line": 25,
            "column": 30
          },
          "end": {
            "line": 25,
            "column": 31
          }
        },
        "loc": {
          "start": {
            "line": 25,
            "column": 36
          },
          "end": {
            "line": 25,
            "column": 121
          }
        },
        "line": 25
      },
      "7": {
        "name": "(anonymous_7)",
        "decl": {
          "start": {
            "line": 25,
            "column": 94
          },
          "end": {
            "line": 25,
            "column": 95
          }
        },
        "loc": {
          "start": {
            "line": 25,
            "column": 101
          },
          "end": {
            "line": 25,
            "column": 120
          }
        },
        "line": 25
      },
      "8": {
        "name": "(anonymous_8)",
        "decl": {
          "start": {
            "line": 29,
            "column": 30
          },
          "end": {
            "line": 29,
            "column": 31
          }
        },
        "loc": {
          "start": {
            "line": 29,
            "column": 36
          },
          "end": {
            "line": 29,
            "column": 125
          }
        },
        "line": 29
      },
      "9": {
        "name": "(anonymous_9)",
        "decl": {
          "start": {
            "line": 29,
            "column": 94
          },
          "end": {
            "line": 29,
            "column": 95
          }
        },
        "loc": {
          "start": {
            "line": 29,
            "column": 101
          },
          "end": {
            "line": 29,
            "column": 124
          }
        },
        "line": 29
      },
      "10": {
        "name": "(anonymous_10)",
        "decl": {
          "start": {
            "line": 33,
            "column": 30
          },
          "end": {
            "line": 33,
            "column": 31
          }
        },
        "loc": {
          "start": {
            "line": 33,
            "column": 36
          },
          "end": {
            "line": 33,
            "column": 113
          }
        },
        "line": 33
      },
      "11": {
        "name": "(anonymous_11)",
        "decl": {
          "start": {
            "line": 33,
            "column": 86
          },
          "end": {
            "line": 33,
            "column": 87
          }
        },
        "loc": {
          "start": {
            "line": 33,
            "column": 93
          },
          "end": {
            "line": 33,
            "column": 112
          }
        },
        "line": 33
      },
      "12": {
        "name": "(anonymous_12)",
        "decl": {
          "start": {
            "line": 37,
            "column": 30
          },
          "end": {
            "line": 37,
            "column": 31
          }
        },
        "loc": {
          "start": {
            "line": 37,
            "column": 36
          },
          "end": {
            "line": 37,
            "column": 119
          }
        },
        "line": 37
      },
      "13": {
        "name": "(anonymous_13)",
        "decl": {
          "start": {
            "line": 37,
            "column": 92
          },
          "end": {
            "line": 37,
            "column": 93
          }
        },
        "loc": {
          "start": {
            "line": 37,
            "column": 99
          },
          "end": {
            "line": 37,
            "column": 118
          }
        },
        "line": 37
      },
      "14": {
        "name": "(anonymous_14)",
        "decl": {
          "start": {
            "line": 41,
            "column": 30
          },
          "end": {
            "line": 41,
            "column": 31
          }
        },
        "loc": {
          "start": {
            "line": 41,
            "column": 36
          },
          "end": {
            "line": 41,
            "column": 122
          }
        },
        "line": 41
      },
      "15": {
        "name": "(anonymous_15)",
        "decl": {
          "start": {
            "line": 41,
            "column": 92
          },
          "end": {
            "line": 41,
            "column": 93
          }
        },
        "loc": {
          "start": {
            "line": 41,
            "column": 99
          },
          "end": {
            "line": 41,
            "column": 121
          }
        },
        "line": 41
      },
      "16": {
        "name": "(anonymous_16)",
        "decl": {
          "start": {
            "line": 45,
            "column": 30
          },
          "end": {
            "line": 45,
            "column": 31
          }
        },
        "loc": {
          "start": {
            "line": 45,
            "column": 36
          },
          "end": {
            "line": 45,
            "column": 111
          }
        },
        "line": 45
      },
      "17": {
        "name": "(anonymous_17)",
        "decl": {
          "start": {
            "line": 45,
            "column": 86
          },
          "end": {
            "line": 45,
            "column": 87
          }
        },
        "loc": {
          "start": {
            "line": 45,
            "column": 91
          },
          "end": {
            "line": 45,
            "column": 110
          }
        },
        "line": 45
      },
      "18": {
        "name": "(anonymous_18)",
        "decl": {
          "start": {
            "line": 49,
            "column": 30
          },
          "end": {
            "line": 49,
            "column": 31
          }
        },
        "loc": {
          "start": {
            "line": 49,
            "column": 36
          },
          "end": {
            "line": 49,
            "column": 100
          }
        },
        "line": 49
      },
      "19": {
        "name": "(anonymous_19)",
        "decl": {
          "start": {
            "line": 49,
            "column": 78
          },
          "end": {
            "line": 49,
            "column": 79
          }
        },
        "loc": {
          "start": {
            "line": 49,
            "column": 83
          },
          "end": {
            "line": 49,
            "column": 99
          }
        },
        "line": 49
      }
    },
    "branchMap": {},
    "s": {
      "0": 22,
      "1": 22,
      "2": 22,
      "3": 22,
      "4": 22,
      "5": 22,
      "6": 22,
      "7": 22,
      "8": 22,
      "9": 22,
      "10": 22,
      "11": 22,
      "12": 22,
      "13": 22,
      "14": 22,
      "15": 22,
      "16": 22,
      "17": 22,
      "18": 22,
      "19": 22,
      "20": 22,
      "21": 11,
      "22": 11
    },
    "f": {
      "0": 22,
      "1": 22,
      "2": 22,
      "3": 22,
      "4": 22,
      "5": 22,
      "6": 22,
      "7": 22,
      "8": 22,
      "9": 22,
      "10": 22,
      "11": 22,
      "12": 22,
      "13": 22,
      "14": 22,
      "15": 22,
      "16": 22,
      "17": 22,
      "18": 11,
      "19": 11
    },
    "b": {},
    "inputSourceMap": {
      "version": 3,
      "file": "app-routing.module.js",
      "sourceRoot": "",
      "sources": [
        "C:\\Users\\Edu\\Documents\\ETSINF\\Pin\\whatapplan\\src\\app\\app-routing.module.ts"
      ],
      "names": [],
      "mappings": ";AAAA,OAAO,EAAE,QAAQ,EAAE,MAAM,eAAe,CAAC;AACzC,OAAO,EAAE,iBAAiB,EAAE,YAAY,EAAU,MAAM,iBAAiB,CAAC;AAC1E,OAAO,EAAE,SAAS,EAAE,MAAM,0BAA0B,CAAC;AAErD,MAAM,MAAM,GAAW;IACrB;QACE,IAAI,EAAE,EAAE;QACR,WAAW,EAAE,CAAC,SAAS,CAAC;QACxB,QAAQ,EAAE;YACR,EAAE,IAAI,EAAE,EAAE,EAAE,UAAU,EAAE,MAAM,EAAE,SAAS,EAAE,MAAM,EAAE;YACnD;gBACE,IAAI,EAAE,MAAM;gBACZ,YAAY,EAAE,GAAG,EAAE,CACjB,MAAM,CAAC,oBAAoB,CAAC,CAAC,IAAI,CAAC,CAAC,CAAC,EAAE,EAAE,CAAC,CAAC,CAAC,cAAc,CAAC;aAC7D;YACD;gBACE,IAAI,EAAE,cAAc;gBACpB,YAAY,EAAE,GAAG,EAAE,CACjB,MAAM,CAAC,oDAAoD,CAAC,CAAC,IAAI,CAC/D,CAAC,CAAC,EAAE,EAAE,CAAC,CAAC,CAAC,qBAAqB,CAC/B;aACJ;YACD;gBACE,IAAI,EAAE,gBAAgB;gBACtB,YAAY,EAAE,GAAG,EAAE,CACjB,MAAM,CAAC,gDAAgD,CAAC,CAAC,IAAI,CAC3D,CAAC,CAAC,EAAE,EAAE,CAAC,CAAC,CAAC,uBAAuB,CACjC;aACJ;YACD;gBACE,IAAI,EAAE,UAAU;gBAChB,YAAY,EAAE,GAAG,EAAE,CACjB,MAAM,CAAC,4CAA4C,CAAC,CAAC,IAAI,CACvD,CAAC,CAAC,EAAE,EAAE,CAAC,CAAC,CAAC,iBAAiB,CAC3B;aACJ;YACD;gBACE,IAAI,EAAE,cAAc;gBACpB,YAAY,EAAE,GAAG,EAAE,CACjB,MAAM,CAAC,4CAA4C,CAAC,CAAC,IAAI,CACvD,CAAC,CAAC,EAAE,EAAE,CAAC,CAAC,CAAC,qBAAqB,CAC/B;aACJ;YACD;gBACE,IAAI,EAAE,UAAU;gBAChB,YAAY,EAAE,GAAG,EAAE,CACjB,MAAM,CAAC,oCAAoC,CAAC,CAAC,IAAI,CAC/C,CAAC,CAAC,EAAE,EAAE,CAAC,CAAC,CAAC,iBAAiB,CAC3B;aACJ;YACD;gBACE,IAAI,EAAE,SAAS;gBACf,YAAY,EAAE,GAAG,EAAE,CACjB,MAAM,CAAC,0CAA0C,CAAC,CAAC,IAAI,CACrD,CAAC,CAAC,EAAE,EAAE,CAAC,CAAC,CAAC,iBAAiB,CAC3B;aACJ;YACD;gBACE,IAAI,EAAE,MAAM;gBACZ,YAAY,EAAE,GAAG,EAAE,CACjB,MAAM,CAAC,0CAA0C,CAAC,CAAC,IAAI,CACrD,CAAC,CAAC,EAAE,EAAE,CAAC,CAAC,CAAC,oBAAoB,CAC9B;aACJ;YACD;gBACE,IAAI,EAAE,UAAU;gBAChB,YAAY,EAAE,GAAG,EAAE,CAAC,MAAM,CAAC,oCAAoC,CAAC,CAAC,IAAI,CAAE,CAAC,CAAC,EAAE,CAAC,CAAC,CAAC,iBAAiB,CAAC;aACjG;YACD;gBACE,IAAI,EAAE,UAAU;gBAChB,YAAY,EAAE,GAAG,EAAE,CAAC,MAAM,CAAC,4BAA4B,CAAC,CAAC,IAAI,CAAE,CAAC,CAAC,EAAE,CAAC,CAAC,CAAC,cAAc,CAAC;aACtF;YACD;gBACE,IAAI,EAAE,IAAI;gBACV,UAAU,EAAE,MAAM;aACnB;SACF;KACF;CAGF,CAAC;IAQW,gBAAgB,SAAhB,gBAAgB;CAAG,CAAA;AAAnB,gBAAgB;IAN5B,QAAQ,CAAC;QACR,OAAO,EAAE;YACP,YAAY,CAAC,OAAO,CAAC,MAAM,EAAE,EAAE,kBAAkB,EAAE,iBAAiB,EAAE,CAAC;SACxE;QACD,OAAO,EAAE,CAAC,YAAY,CAAC;KACxB,CAAC;GACW,gBAAgB,CAAG;SAAnB,gBAAgB",
      "sourcesContent": [
        "import { NgModule } from '@angular/core';\r\nimport { PreloadAllModules, RouterModule, Routes } from '@angular/router';\r\nimport { AuthGuard } from './core/guards/auth.guard';\r\n\r\nconst routes: Routes = [\r\n  {\r\n    path: '',\r\n    canActivate: [AuthGuard],\r\n    children: [\r\n      { path: '', redirectTo: 'home', pathMatch: 'full' },\r\n      {\r\n        path: 'home',\r\n        loadChildren: () =>\r\n          import('./home/home.module').then((m) => m.HomePageModule),\r\n      },\r\n      {\r\n        path: 'plan-preview',\r\n        loadChildren: () =>\r\n          import('./core/components/plan-preview/plan-preview.module').then(\r\n            (m) => m.PlanPreviewPageModule\r\n          ),\r\n      },\r\n      {\r\n        path: 'iniciar-sesion',\r\n        loadChildren: () =>\r\n          import('./modules/iniciar-sesion/iniciar-sesion.module').then(\r\n            (m) => m.IniciarSesionPageModule\r\n          ),\r\n      },\r\n      {\r\n        path: 'pop-over',\r\n        loadChildren: () =>\r\n          import('./core/components/pop-over/pop-over.module').then(\r\n            (m) => m.PopOverPageModule\r\n          ),\r\n      },\r\n      {\r\n        path: 'edit-profile',\r\n        loadChildren: () =>\r\n          import('./modules/edit-profile/edit-profile.module').then(\r\n            (m) => m.EditProfilePageModule\r\n          ),\r\n      },\r\n      {\r\n        path: 'my-plans',\r\n        loadChildren: () =>\r\n          import('./modules/my-plans/my-plans.module').then(\r\n            (m) => m.MyPlansPageModule\r\n          ),\r\n      },\r\n      {\r\n        path: 'filters',\r\n        loadChildren: () =>\r\n          import('./core/components/filters/filters.module').then(\r\n            (m) => m.FiltersPageModule\r\n          ),\r\n      },\r\n      {\r\n        path: 'plan',\r\n        loadChildren: () =>\r\n          import('./modules/plan-detail/plan-detail.module').then(\r\n            (m) => m.PlanDetailPageModule\r\n          ),\r\n      },\r\n      {\r\n        path: 'my-chats',\r\n        loadChildren: () => import('./modules/my-chats/my-chats.module').then( m => m.MyChatsPageModule)\r\n      },\r\n      {\r\n        path: 'chat/:id',\r\n        loadChildren: () => import('./modules/chat/chat.module').then( m => m.ChatPageModule)\r\n      },\r\n      {\r\n        path: '**',\r\n        redirectTo: 'home'\r\n      }\r\n    ],\r\n  },\r\n\r\n\r\n];\r\n\r\n@NgModule({\r\n  imports: [\r\n    RouterModule.forRoot(routes, { preloadingStrategy: PreloadAllModules }),\r\n  ],\r\n  exports: [RouterModule],\r\n})\r\nexport class AppRoutingModule {}\r\n"
      ]
    },
    "_coverageSchema": "1a1c01bbd47fc00a2c39e90264f33305004495a9",
    "hash": "9e15ee9ef1e3149cbdb683d66390071875978774"
  },
  "C:\\Users\\Edu\\Documents\\ETSINF\\Pin\\whatapplan\\src\\app\\app.component.ts": {
    "path": "C:\\Users\\Edu\\Documents\\ETSINF\\Pin\\whatapplan\\src\\app\\app.component.ts",
    "statementMap": {
      "0": {
        "start": {
          "line": 5,
          "column": 19
        },
        "end": {
          "line": 7,
          "column": 1
        }
      },
      "1": {
        "start": {
          "line": 8,
          "column": 0
        },
        "end": {
          "line": 8,
          "column": 39
        }
      },
      "2": {
        "start": {
          "line": 8,
          "column": 36
        },
        "end": {
          "line": 8,
          "column": 38
        }
      },
      "3": {
        "start": {
          "line": 9,
          "column": 0
        },
        "end": {
          "line": 15,
          "column": 17
        }
      }
    },
    "fnMap": {
      "0": {
        "name": "(anonymous_0)",
        "decl": {
          "start": {
            "line": 6,
            "column": 4
          },
          "end": {
            "line": 6,
            "column": 5
          }
        },
        "loc": {
          "start": {
            "line": 6,
            "column": 18
          },
          "end": {
            "line": 6,
            "column": 21
          }
        },
        "line": 6
      },
      "1": {
        "name": "(anonymous_1)",
        "decl": {
          "start": {
            "line": 8,
            "column": 30
          },
          "end": {
            "line": 8,
            "column": 31
          }
        },
        "loc": {
          "start": {
            "line": 8,
            "column": 36
          },
          "end": {
            "line": 8,
            "column": 38
          }
        },
        "line": 8
      }
    },
    "branchMap": {},
    "s": {
      "0": 22,
      "1": 22,
      "2": 22,
      "3": 22
    },
    "f": {
      "0": 22,
      "1": 22
    },
    "b": {},
    "inputSourceMap": {
      "version": 3,
      "file": "app.component.js",
      "sourceRoot": "",
      "sources": [
        "C:\\Users\\Edu\\Documents\\ETSINF\\Pin\\whatapplan\\src\\app\\app.component.ts"
      ],
      "names": [],
      "mappings": ";;;AAAA,OAAO,EAAE,SAAS,EAAU,MAAM,eAAe,CAAC;IAQrC,YAAY,SAAZ,YAAY;IACvB,gBAAe,CAAC;CACjB,CAAA;;AAFY,YAAY;IALxB,SAAS,CAAC;QACT,QAAQ,EAAE,UAAU;QACpB,8BAAiC;;KAElC,CAAC;GACW,YAAY,CAExB;SAFY,YAAY",
      "sourcesContent": [
        "import { Component, OnInit } from '@angular/core';\r\nimport { ImageHelperService } from './core/services/helpers/image-helper.service';\r\n\r\n@Component({\r\n  selector: 'app-root',\r\n  templateUrl: 'app.component.html',\r\n  styleUrls: ['app.component.scss'],\r\n})\r\nexport class AppComponent {\r\n  constructor() {}\r\n}\r\n"
      ]
    },
    "_coverageSchema": "1a1c01bbd47fc00a2c39e90264f33305004495a9",
    "hash": "5d9f8f052c3aeb195440944756c2cb18798b1a44"
  },
  "C:\\Users\\Edu\\Documents\\ETSINF\\Pin\\whatapplan\\src\\app\\core\\components\\date-tag\\date-tag.component.ts": {
    "path": "C:\\Users\\Edu\\Documents\\ETSINF\\Pin\\whatapplan\\src\\app\\core\\components\\date-tag\\date-tag.component.ts",
    "statementMap": {
      "0": {
        "start": {
          "line": 5,
          "column": 23
        },
        "end": {
          "line": 8,
          "column": 1
        }
      },
      "1": {
        "start": {
          "line": 9,
          "column": 0
        },
        "end": {
          "line": 9,
          "column": 43
        }
      },
      "2": {
        "start": {
          "line": 9,
          "column": 40
        },
        "end": {
          "line": 9,
          "column": 42
        }
      },
      "3": {
        "start": {
          "line": 10,
          "column": 0
        },
        "end": {
          "line": 12,
          "column": 2
        }
      },
      "4": {
        "start": {
          "line": 13,
          "column": 0
        },
        "end": {
          "line": 19,
          "column": 21
        }
      }
    },
    "fnMap": {
      "0": {
        "name": "(anonymous_0)",
        "decl": {
          "start": {
            "line": 6,
            "column": 4
          },
          "end": {
            "line": 6,
            "column": 5
          }
        },
        "loc": {
          "start": {
            "line": 6,
            "column": 18
          },
          "end": {
            "line": 6,
            "column": 21
          }
        },
        "line": 6
      },
      "1": {
        "name": "(anonymous_1)",
        "decl": {
          "start": {
            "line": 7,
            "column": 4
          },
          "end": {
            "line": 7,
            "column": 5
          }
        },
        "loc": {
          "start": {
            "line": 7,
            "column": 15
          },
          "end": {
            "line": 7,
            "column": 18
          }
        },
        "line": 7
      },
      "2": {
        "name": "(anonymous_2)",
        "decl": {
          "start": {
            "line": 9,
            "column": 34
          },
          "end": {
            "line": 9,
            "column": 35
          }
        },
        "loc": {
          "start": {
            "line": 9,
            "column": 40
          },
          "end": {
            "line": 9,
            "column": 42
          }
        },
        "line": 9
      }
    },
    "branchMap": {},
    "s": {
      "0": 22,
      "1": 22,
      "2": 0,
      "3": 22,
      "4": 22
    },
    "f": {
      "0": 0,
      "1": 0,
      "2": 0
    },
    "b": {},
    "inputSourceMap": {
      "version": 3,
      "file": "date-tag.component.js",
      "sourceRoot": "",
      "sources": [
        "C:\\Users\\Edu\\Documents\\ETSINF\\Pin\\whatapplan\\src\\app\\core\\components\\date-tag\\date-tag.component.ts"
      ],
      "names": [],
      "mappings": ";;;AAAA,OAAO,EAAE,SAAS,EAAE,KAAK,EAAU,MAAM,eAAe,CAAC;IAO5C,gBAAgB,SAAhB,gBAAgB;IAG3B,gBAAgB,CAAC;IAEjB,QAAQ,KAAI,CAAC;CAEd,CAAA;;;mBALE,KAAK;;AAFK,gBAAgB;IAL5B,SAAS,CAAC;QACT,QAAQ,EAAE,eAAe;QACzB,8BAAwC;;KAEzC,CAAC;GACW,gBAAgB,CAO5B;SAPY,gBAAgB",
      "sourcesContent": [
        "import { Component, Input, OnInit } from '@angular/core';\r\n\r\n@Component({\r\n  selector: 'join-date-tag',\r\n  templateUrl: './date-tag.component.html',\r\n  styleUrls: ['./date-tag.component.scss'],\r\n})\r\nexport class DateTagComponent implements OnInit {\r\n\r\n  @Input() date: Date;\r\n  constructor() { }\r\n\r\n  ngOnInit() {}\r\n\r\n}\r\n"
      ]
    },
    "_coverageSchema": "1a1c01bbd47fc00a2c39e90264f33305004495a9",
    "hash": "db0cfaa5a8528afb1c5959311d2d08bb0a312b78"
  },
  "C:\\Users\\Edu\\Documents\\ETSINF\\Pin\\whatapplan\\src\\app\\core\\components\\map-modal\\map-modal.component.ts": {
[...]
        "name": "(anonymous_8)",
        "decl": {
          "start": {
            "line": 72,
            "column": 32
          },
          "end": {
            "line": 72,
            "column": 33
          }
        },
        "loc": {
          "start": {
            "line": 72,
            "column": 38
          },
          "end": {
            "line": 78,
            "column": 1
          }
        },
        "line": 72
      }
    },
    "branchMap": {
      "0": {
        "loc": {
          "start": {
            "line": 31,
            "column": 20
          },
          "end": {
            "line": 31,
            "column": 94
          }
        },
        "type": "cond-expr",
        "locations": [
          {
            "start": {
              "line": 31,
              "column": 78
            },
            "end": {
              "line": 31,
              "column": 84
            }
          },
          {
            "start": {
              "line": 31,
              "column": 87
            },
            "end": {
              "line": 31,
              "column": 94
            }
          }
        ],
        "line": 31
      },
      "1": {
        "loc": {
          "start": {
            "line": 31,
            "column": 20
          },
          "end": {
            "line": 31,
            "column": 75
          }
        },
        "type": "binary-expr",
        "locations": [
          {
            "start": {
              "line": 31,
              "column": 20
            },
            "end": {
              "line": 31,
              "column": 58
            }
          },
          {
            "start": {
              "line": 31,
              "column": 62
            },
            "end": {
              "line": 31,
              "column": 75
            }
          }
        ],
        "line": 31
      },
      "2": {
        "loc": {
          "start": {
            "line": 52,
            "column": 29
          },
          "end": {
            "line": 54,
            "column": 28
          }
        },
        "type": "cond-expr",
        "locations": [
          {
            "start": {
              "line": 53,
              "column": 14
            },
            "end": {
              "line": 53,
              "column": 55
            }
          },
          {
            "start": {
              "line": 54,
              "column": 14
            },
            "end": {
              "line": 54,
              "column": 28
            }
          }
        ],
        "line": 52
      },
      "3": {
        "loc": {
          "start": {
            "line": 55,
            "column": 30
          },
          "end": {
            "line": 57,
            "column": 28
          }
        },
        "type": "cond-expr",
        "locations": [
          {
            "start": {
              "line": 56,
              "column": 14
            },
            "end": {
              "line": 56,
              "column": 56
            }
          },
          {
            "start": {
              "line": 57,
              "column": 14
            },
            "end": {
              "line": 57,
              "column": 28
            }
          }
        ],
        "line": 55
      }
    },
    "s": {
      "0": 22,
      "1": 8,
      "2": 8,
      "3": 8,
      "4": 8,
      "5": 8,
      "6": 8,
      "7": 8,
      "8": 8,
      "9": 8,
      "10": 8,
      "11": 8,
      "12": 8,
      "13": 8,
      "14": 8,
      "15": 8,
      "16": 8,
      "17": 8,
      "18": 2,
      "19": 2,
      "20": 2,
      "21": 2,
      "22": 2,
      "23": 2,
      "24": 2,
      "25": 2,
      "26": 0,
      "27": 22,
      "28": 8,
      "29": 22
    },
    "f": {
      "0": 8,
      "1": 8,
      "2": 8,
      "3": 8,
      "4": 8,
      "5": 2,
      "6": 2,
      "7": 0,
      "8": 8
    },
    "b": {
      "0": [
        0,
        8
      ],
      "1": [
        8,
        8
      ],
      "2": [
        1,
        1
      ],
      "3": [
        2,
        0
      ]
    },
    "inputSourceMap": {
      "version": 3,
      "file": "plan-detail.page.js",
      "sourceRoot": "",
      "sources": [
        "C:\\Users\\Edu\\Documents\\ETSINF\\Pin\\whatapplan\\src\\app\\modules\\plan-detail\\plan-detail.page.ts"
      ],
      "names": [],
      "mappings": ";;;AAAA,OAAO,EAEL,SAAS,GAIV,MAAM,eAAe,CAAC;AACvB,OAAO,EAAE,cAAc,EAAE,MAAM,iBAAiB,CAAC;AACjD,OAAO,EAAE,aAAa,EAAE,MAAM,gBAAgB,CAAC;AAC/C,OAAO,EAAE,MAAM,EAAE,MAAM,EAAc,SAAS,EAAO,IAAI,EAAE,MAAM,SAAS,CAAC;AAC3E,OAAO,EAAE,QAAQ,EAAE,MAAM,MAAM,CAAC;AAKhC,OAAO,EAAE,WAAW,EAAE,MAAM,oCAAoC,CAAC;AACjE,OAAO,EAAE,QAAQ,EAAE,MAAM,6CAA6C,CAAC;AACvE,OAAO,EAAE,WAAW,EAAE,MAAM,iDAAiD,CAAC;IAQjE,cAAc,SAAd,cAAc;IAgBzB,YACU,GAAmB,EACnB,IAAiB,EACjB,KAAkB,EAClB,GAAkB,EAClB,EAAY;QAJZ,QAAG,GAAH,GAAG,CAAgB;QACnB,SAAI,GAAJ,IAAI,CAAa;QACjB,UAAK,GAAL,KAAK,CAAa;QAClB,QAAG,GAAH,GAAG,CAAe;QAClB,OAAE,GAAF,EAAE,CAAU;QAjBtB,YAAO,GAAe;YACpB,MAAM,EAAE;gBACN,SAAS,CAAC,mDAAmD,EAAE;oBAC7D,OAAO,EAAE,EAAE;iBACZ,CAAC;aACH;YACD,IAAI,EAAE,EAAE;YACR,OAAO,EAAE,EAAE;SACZ,CAAC;IAUC,CAAC;IAEJ,QAAQ;;QACN,IAAI,CAAC,IAAI,GAAG,MAAA,IAAI,CAAC,GAAG,CAAC,QAAQ,CAAC,IAAI,0CAAE,IAAI,CAAC;QACzC,IAAI,CAAC,cAAc,GAAG,IAAI,CAAC,IAAI,CAAC,KAAK,CAAC,KAAK,CAAC,GAAG,CAAC,CAAC,CAAC,CAAC,CAAC;QACpD,IAAI,CAAC,IAAI,mCACJ,IAAI,CAAC,IAAI,KACZ,KAAK,EAAE,IAAI,CAAC,IAAI,CAAC,KAAK,CAAC,KAAK,CAAC,GAAG,CAAC,CAAC,KAAK,CAAC,CAAC,CAAC,CAAC,IAAI,CAAC,GAAG,CAAC,GACrD,CAAC;QACF,IAAI,CAAC,YAAY,CAAC,IAAI,CAAC,IAAI,CAAC,CAAC;QAC7B,IAAI,CAAC,IAAI,GAAG,IAAI,CAAC,KAAK,CAAC,UAAU,CAAC;IACpC,CAAC;IAED,YAAY,CAAC,EAAE,QAAQ,EAAE,EAAE,WAAW,EAAE,EAAQ;QAC9C,MAAM,SAAS,GAAG,IAAI,CAAC;YACrB,mBAAmB;YACnB,OAAO,EAAE,gCAAgC;SAC1C,CAAC,CAAC;QAEH,IAAI,CAAC,MAAM,GAAG,MAAM,CAAC,WAAW,CAAC,CAAC,CAAC,EAAE,WAAW,CAAC,CAAC,CAAC,CAAC,CAAC;QACrD,IAAI,CAAC,OAAO,mCAAQ,IAAI,CAAC,OAAO,KAAE,MAAM,EAAE,IAAI,CAAC,MAAM,GAAE,CAAC;QACxD,IAAI,CAAC,KAAK,GAAG,MAAM,CAAC,CAAC,WAAW,CAAC,CAAC,CAAC,EAAE,WAAW,CAAC,CAAC,CAAC,CAAC,EAAE,EAAE,IAAI,EAAE,SAAS,EAAE,CAAC,CAAC;IAC7E,CAAC;IACD,UAAU,CAAC,GAAQ;QACjB,UAAU,CAAC,GAAG,EAAE;YACd,GAAG,CAAC,cAAc,EAAE,CAAC;QACvB,CAAC,EAAE,CAAC,CAAC,CAAC;IACR,CAAC;IAED,QAAQ;QACN,MAAM,YAAY,GAAG,IAAI,CAAC,IAAI,CAAC,YAAY;YACzC,CAAC,CAAC,CAAC,GAAG,IAAI,CAAC,IAAI,CAAC,YAAY,EAAE,IAAI,CAAC,IAAI,CAAC,EAAE,CAAC;YAC3C,CAAC,CAAC,CAAC,IAAI,CAAC,IAAI,CAAC,EAAE,CAAC,CAAC;QACnB,MAAM,aAAa,GAAG,IAAI,CAAC,IAAI,CAAC,aAAa;YAC3C,CAAC,CAAC,CAAC,GAAG,IAAI,CAAC,IAAI,CAAC,aAAa,EAAE,IAAI,CAAC,IAAI,CAAC,EAAE,CAAC;YAC5C,CAAC,CAAC,CAAC,IAAI,CAAC,IAAI,CAAC,EAAE,CAAC,CAAC;QAEnB,MAAM,IAAI,mCACL,IAAI,CAAC,IAAI,KACZ,KAAK,EAAE,IAAI,CAAC,cAAc,GAAG,GAAG,GAAG,IAAI,CAAC,IAAI,CAAC,KAAK,EAClD,YAAY,GACb,CAAC;QACF,MAAM,IAAI,mCAAQ,IAAI,CAAC,IAAI,KAAE,aAAa,GAAE,CAAC;QAC7C,YAAY,CAAC,OAAO,CAAC,YAAY,EAAC,IAAI,CAAC,SAAS,CAAC,IAAI,CAAC,CAAC,CAAA;QACvD,QAAQ,CAAC;YACP,IAAI,CAAC,IAAI,CAAC,kBAAkB,CAAC,IAAI,CAAC;YAClC,IAAI,CAAC,IAAI,CAAC,kBAAkB,CAAC,IAAI,CAAC;SACnC,CAAC,CAAC,SAAS,CACV,GAAG,EAAE;YACH,IAAI,CAAC,EAAE,CAAC,YAAY,CAAC,yBAAyB,IAAI,CAAC,IAAI,CAAC,KAAK,GAAG,CAAC,CAAC;YAClE,IAAI,CAAC,GAAG,CAAC,IAAI,EAAE,CAAC;QAClB,CAAC,EACD,GAAG,EAAE;YACH,IAAI,CAAC,EAAE,CAAC,YAAY,CAClB,yDAAyD,CAC1D,CAAC;QACJ,CAAC,CACF,CAAC;IACJ,CAAC;CACF,CAAA;;YAnGQ,cAAc;YAUd,WAAW;YAFX,WAAW;YAPX,aAAa;YAQb,QAAQ;;AASJ,cAAc;IAL1B,SAAS,CAAC;QACT,QAAQ,EAAE,iBAAiB;QAC3B,8BAAsC;;KAEvC,CAAC;GACW,cAAc,CAiF1B;SAjFY,cAAc",
      "sourcesContent": [
        "import {\r\n  AfterViewInit,\r\n  Component,\r\n  ElementRef,\r\n  OnInit,\r\n  ViewChild,\r\n} from '@angular/core';\r\nimport { ActivatedRoute } from '@angular/router';\r\nimport { NavController } from '@ionic/angular';\r\nimport { marker, latLng, MapOptions, tileLayer, Map, icon } from 'leaflet';\r\nimport { forkJoin } from 'rxjs';\r\nimport { finalize, tap } from 'rxjs/operators';\r\nimport { LatLng } from 'src/app/core/models/location';\r\nimport { Plan } from 'src/app/core/models/plan';\r\nimport { User } from 'src/app/core/models/usuario';\r\nimport { AuthService } from 'src/app/core/services/auth.service';\r\nimport { UiHelper } from 'src/app/core/services/helpers/toast.service';\r\nimport { CrudService } from 'src/app/core/services/http/crud-service.service';\r\nimport { LocationService } from 'src/app/core/services/http/location.service';\r\n\r\n@Component({\r\n  selector: 'app-plan-detail',\r\n  templateUrl: './plan-detail.page.html',\r\n  styleUrls: ['./plan-detail.page.scss'],\r\n})\r\nexport class PlanDetailPage implements OnInit {\r\n  layer;\r\n  center: LatLng;\r\n  firstTitleWord: string;\r\n  options: MapOptions = {\r\n    layers: [\r\n      tileLayer('http://{s}.tile.openstreetmap.org/{z}/{x}/{y}.png', {\r\n        maxZoom: 18,\r\n      }),\r\n    ],\r\n    zoom: 15,\r\n    maxZoom: 18,\r\n  };\r\n\r\n  plan: Plan;\r\n  user: User;\r\n  constructor(\r\n    private _ac: ActivatedRoute,\r\n    private crud: CrudService,\r\n    private _auth: AuthService,\r\n    private nav: NavController,\r\n    private ui: UiHelper\r\n  ) {}\r\n\r\n  ngOnInit() {\r\n    this.plan = this._ac.snapshot.data?.plan;\r\n    this.firstTitleWord = this.plan.title.split(' ')[0];\r\n    this.plan = {\r\n      ...this.plan,\r\n      title: this.plan.title.split(' ').slice(1).join(' '),\r\n    };\r\n    this.updateCenter(this.plan);\r\n    this.user = this._auth.loggedUser;\r\n  }\r\n\r\n  updateCenter({ location: { coordinates } }: Plan) {\r\n    const greenIcon = icon({\r\n      //add this new icon\r\n      iconUrl: './../../../assets/icon/ubi.svg',\r\n    });\r\n\r\n    this.center = latLng(coordinates[0], coordinates[1]);\r\n    this.options = { ...this.options, center: this.center };\r\n    this.layer = marker([coordinates[0], coordinates[1]], { icon: greenIcon });\r\n  }\r\n  onMapReady(map: Map) {\r\n    setTimeout(() => {\r\n      map.invalidateSize();\r\n    }, 0);\r\n  }\r\n\r\n  joinPlan() {\r\n    const participants = this.plan.participants\r\n      ? [...this.plan.participants, this.user.id]\r\n      : [this.user.id];\r\n    const acceptedPlans = this.user.acceptedPlans\r\n      ? [...this.user.acceptedPlans, this.plan.id]\r\n      : [this.plan.id];\r\n\r\n    const plan = {\r\n      ...this.plan,\r\n      title: this.firstTitleWord + ' ' + this.plan.title,\r\n      participants,\r\n    };\r\n    const user = { ...this.user, acceptedPlans };\r\n    localStorage.setItem('loggedUser',JSON.stringify(user))\r\n    forkJoin([\r\n      this.crud.añadirUsuarioAPlan(plan),\r\n      this.crud.añadirPlanAUsuario(user),\r\n    ]).subscribe(\r\n      () => {\r\n        this.ui.presentToast(`Te has unido al plan: ${this.plan.title}!`);\r\n        this.nav.back();\r\n      },\r\n      () => {\r\n        this.ui.presentToast(\r\n          'Ops, algo ha ido mal, inténtalo de nuevo o más tarde :S'\r\n        );\r\n      }\r\n    );\r\n  }\r\n}\r\n"
      ]
    },
    "_coverageSchema": "1a1c01bbd47fc00a2c39e90264f33305004495a9",
    "hash": "bb1053ef6a668807d2a5ec2e89f49a577585fcf1"
  },
  "C:\\Users\\Edu\\Documents\\ETSINF\\Pin\\whatapplan\\src\\app\\modules\\plan-detail\\plan-detail-routing.module.ts": {
    "path": "C:\\Users\\Edu\\Documents\\ETSINF\\Pin\\whatapplan\\src\\app\\modules\\plan-detail\\plan-detail-routing.module.ts",
    "statementMap": {
      "0": {
        "start": {
          "line": 6,
          "column": 15
        },
        "end": {
          "line": 14,
          "column": 1
        }
      },
      "1": {
        "start": {
          "line": 15,
          "column": 34
        },
        "end": {
          "line": 16,
          "column": 1
        }
      },
      "2": {
        "start": {
          "line": 17,
          "column": 0
        },
        "end": {
          "line": 22,
          "column": 32
        }
      }
    },
    "fnMap": {},
    "branchMap": {},
    "s": {
      "0": 22,
      "1": 22,
      "2": 22
    },
    "f": {},
    "b": {},
    "inputSourceMap": {
      "version": 3,
      "file": "plan-detail-routing.module.js",
      "sourceRoot": "",
      "sources": [
        "C:\\Users\\Edu\\Documents\\ETSINF\\Pin\\whatapplan\\src\\app\\modules\\plan-detail\\plan-detail-routing.module.ts"
      ],
      "names": [],
      "mappings": ";AAAA,OAAO,EAAE,QAAQ,EAAE,MAAM,eAAe,CAAC;AACzC,OAAO,EAAU,YAAY,EAAE,MAAM,iBAAiB,CAAC;AACvD,OAAO,EAAE,YAAY,EAAE,MAAM,sCAAsC,CAAC;AAEpE,OAAO,EAAE,cAAc,EAAE,MAAM,oBAAoB,CAAC;AAEpD,MAAM,MAAM,GAAW;IACrB;QACE,IAAI,EAAE,KAAK;QACX,SAAS,EAAE,cAAc;QACzB,OAAO,EAAE;YACP,IAAI,EAAE,YAAY;SACnB;KACF;CACF,CAAC;IAMW,2BAA2B,SAA3B,2BAA2B;CAAG,CAAA;AAA9B,2BAA2B;IAJvC,QAAQ,CAAC;QACR,OAAO,EAAE,CAAC,YAAY,CAAC,QAAQ,CAAC,MAAM,CAAC,CAAC;QACxC,OAAO,EAAE,CAAC,YAAY,CAAC;KACxB,CAAC;GACW,2BAA2B,CAAG;SAA9B,2BAA2B",
      "sourcesContent": [
        "import { NgModule } from '@angular/core';\r\nimport { Routes, RouterModule } from '@angular/router';\r\nimport { PlanResolver } from 'src/app/core/resolvers/plan-resolver';\r\n\r\nimport { PlanDetailPage } from './plan-detail.page';\r\n\r\nconst routes: Routes = [\r\n  {\r\n    path: ':id',\r\n    component: PlanDetailPage,\r\n    resolve: {\r\n      plan: PlanResolver\r\n    }\r\n  }\r\n];\r\n\r\n@NgModule({\r\n  imports: [RouterModule.forChild(routes)],\r\n  exports: [RouterModule],\r\n})\r\nexport class PlanDetailPageRoutingModule {}\r\n"
      ]
    },
    "_coverageSchema": "1a1c01bbd47fc00a2c39e90264f33305004495a9",
    "hash": "5506be9c0366e717c3be6cc914706bb46efc17df"
  },
  "C:\\Users\\Edu\\Documents\\ETSINF\\Pin\\whatapplan\\src\\app\\modules\\plan-detail\\plan-detail.module.ts": {
    "path": "C:\\Users\\Edu\\Documents\\ETSINF\\Pin\\whatapplan\\src\\app\\modules\\plan-detail\\plan-detail.module.ts",
    "statementMap": {
      "0": {
        "start": {
          "line": 6,
          "column": 27
        },
        "end": {
          "line": 7,
          "column": 1
        }
      },
      "1": {
        "start": {
          "line": 8,
          "column": 0
        },
        "end": {
          "line": 13,
          "column": 25
        }
      }
    },
    "fnMap": {},
    "branchMap": {},
    "s": {
      "0": 22,
      "1": 22
    },
    "f": {},
    "b": {},
    "inputSourceMap": {
      "version": 3,
      "file": "plan-detail.module.js",
      "sourceRoot": "",
      "sources": [
        "C:\\Users\\Edu\\Documents\\ETSINF\\Pin\\whatapplan\\src\\app\\modules\\plan-detail\\plan-detail.module.ts"
      ],
      "names": [],
      "mappings": ";AAAA,OAAO,EAAE,QAAQ,EAAE,MAAM,eAAe,CAAC;AACzC,OAAO,EAAE,YAAY,EAAE,MAAM,8BAA8B,CAAC;AAC5D,OAAO,EAAE,2BAA2B,EAAE,MAAM,8BAA8B,CAAC;AAC3E,OAAO,EAAE,cAAc,EAAE,MAAM,oBAAoB,CAAC;IASvC,oBAAoB,SAApB,oBAAoB;CAAG,CAAA;AAAvB,oBAAoB;IAJhC,QAAQ,CAAC;QACR,OAAO,EAAE,CAAC,YAAY,EAAE,2BAA2B,CAAC;QACpD,YAAY,EAAE,CAAC,cAAc,CAAC;KAC/B,CAAC;GACW,oBAAoB,CAAG;SAAvB,oBAAoB",
      "sourcesContent": [
        "import { NgModule } from '@angular/core';\r\nimport { SharedModule } from 'src/app/shared/shared.module';\r\nimport { PlanDetailPageRoutingModule } from './plan-detail-routing.module';\r\nimport { PlanDetailPage } from './plan-detail.page';\r\n\r\n\r\n\r\n\r\n@NgModule({\r\n  imports: [SharedModule, PlanDetailPageRoutingModule],\r\n  declarations: [PlanDetailPage],\r\n})\r\nexport class PlanDetailPageModule {}\r\n"
      ]
    },
    "_coverageSchema": "1a1c01bbd47fc00a2c39e90264f33305004495a9",
    "hash": "6b254548925fda5457f42b85d6162b2a8f291b88"
  },
  "C:/Users/Edu/Documents/ETSINF/Pin/whatapplan/karma.conf.js": {
    "path": "C:/Users/Edu/Documents/ETSINF/Pin/whatapplan/karma.conf.js",
    "statementMap": {},
    "fnMap": {},
    "branchMap": {},
    "s": {},
    "f": {},
    "b": {}
  },
  "C:/Users/Edu/Documents/ETSINF/Pin/whatapplan/tailwind.config.js": {
    "path": "C:/Users/Edu/Documents/ETSINF/Pin/whatapplan/tailwind.config.js",
    "statementMap": {},
    "fnMap": {},
    "branchMap": {},
    "s": {},
    "f": {},
    "b": {}
  },
  "C:/Users/Edu/Documents/ETSINF/Pin/whatapplan/e2e/protractor.conf.js": {
    "path": "C:/Users/Edu/Documents/ETSINF/Pin/whatapplan/e2e/protractor.conf.js",
    "statementMap": {},
    "fnMap": {},
    "branchMap": {},
    "s": {},
    "f": {},
    "b": {}
  },
  "C:/Users/Edu/Documents/ETSINF/Pin/whatapplan/lib/jasmine_examples/Player.js": {
    "path": "C:/Users/Edu/Documents/ETSINF/Pin/whatapplan/lib/jasmine_examples/Player.js",
    "statementMap": {},
    "fnMap": {},
    "branchMap": {},
    "s": {},
    "f": {},
    "b": {}
  },
  "C:/Users/Edu/Documents/ETSINF/Pin/whatapplan/lib/jasmine_examples/Song.js": {
    "path": "C:/Users/Edu/Documents/ETSINF/Pin/whatapplan/lib/jasmine_examples/Song.js",
    "statementMap": {},
    "fnMap": {},
    "branchMap": {},
    "s": {},
    "f": {},
    "b": {}
  },
  "C:/Users/Edu/Documents/ETSINF/Pin/whatapplan/spec/jasmine_examples/PlayerSpec.js": {
    "path": "C:/Users/Edu/Documents/ETSINF/Pin/whatapplan/spec/jasmine_examples/PlayerSpec.js",
    "statementMap": {},
    "fnMap": {},
    "branchMap": {},
    "s": {},
    "f": {},
    "b": {}
  },
  "C:/Users/Edu/Documents/ETSINF/Pin/whatapplan/spec/helpers/jasmine_examples/SpecHelper.js": {
    "path": "C:/Users/Edu/Documents/ETSINF/Pin/whatapplan/spec/helpers/jasmine_examples/SpecHelper.js",
    "statementMap": {},
    "fnMap": {},
    "branchMap": {},
    "s": {},
    "f": {},
    "b": {}
  },
  "C:/Users/Edu/Documents/ETSINF/Pin/whatapplan/src/test.ts": {
    "path": "C:/Users/Edu/Documents/ETSINF/Pin/whatapplan/src/test.ts",
    "statementMap": {},
    "fnMap": {},
    "branchMap": {},
    "s": {},
    "f": {},
    "b": {}
  },
  "C:/Users/Edu/Documents/ETSINF/Pin/whatapplan/e2e/src/app.e2e-spec.ts": {
    "path": "C:/Users/Edu/Documents/ETSINF/Pin/whatapplan/e2e/src/app.e2e-spec.ts",
    "statementMap": {},
    "fnMap": {},
    "branchMap": {},
    "s": {},
    "f": {},
    "b": {}
  },
  "C:/Users/Edu/Documents/ETSINF/Pin/whatapplan/e2e/src/app.po.ts": {
    "path": "C:/Users/Edu/Documents/ETSINF/Pin/whatapplan/e2e/src/app.po.ts",
    "statementMap": {},
    "fnMap": {},
    "branchMap": {},
    "s": {},
    "f": {},
    "b": {}
  },
  "C:/Users/Edu/Documents/ETSINF/Pin/whatapplan/src/environments/environment.prod.ts": {
    "path": "C:/Users/Edu/Documents/ETSINF/Pin/whatapplan/src/environments/environment.prod.ts",
    "statementMap": {},
    "fnMap": {},
    "branchMap": {},
    "s": {},
    "f": {},
    "b": {}
  },
  "C:/Users/Edu/Documents/ETSINF/Pin/whatapplan/src/app/core/models/location.ts": {
    "path": "C:/Users/Edu/Documents/ETSINF/Pin/whatapplan/src/app/core/models/location.ts",
    "statementMap": {},
    "fnMap": {},
    "branchMap": {},
    "s": {},
    "f": {},
    "b": {}
  },
  "C:/Users/Edu/Documents/ETSINF/Pin/whatapplan/src/app/core/models/tag.ts": {
    "path": "C:/Users/Edu/Documents/ETSINF/Pin/whatapplan/src/app/core/models/tag.ts",
    "statementMap": {},
    "fnMap": {},
    "branchMap": {},
    "s": {},
    "f": {},
    "b": {}
  },
  "C:/Users/Edu/Documents/ETSINF/Pin/whatapplan/src/app/core/utils/utils.ts": {
    "path": "C:/Users/Edu/Documents/ETSINF/Pin/whatapplan/src/app/core/utils/utils.ts",
    "statementMap": {},
    "fnMap": {},
    "branchMap": {},
    "s": {},
    "f": {},
    "b": {}
  },
  "C:/Users/Edu/Documents/ETSINF/Pin/whatapplan/src/app/modules/register/register-routing.module.ts": {
    "path": "C:/Users/Edu/Documents/ETSINF/Pin/whatapplan/src/app/modules/register/register-routing.module.ts",
    "statementMap": {},
    "fnMap": {},
    "branchMap": {},
    "s": {},
    "f": {},
    "b": {}
  },
  "C:/Users/Edu/Documents/ETSINF/Pin/whatapplan/src/app/modules/register/register.module.ts": {
    "path": "C:/Users/Edu/Documents/ETSINF/Pin/whatapplan/src/app/modules/register/register.module.ts",
    "statementMap": {},
    "fnMap": {},
    "branchMap": {},
    "s": {},
    "f": {},
    "b": {}
  },
  "C:/Users/Edu/Documents/ETSINF/Pin/whatapplan/src/app/modules/register/register.page.ts": {
    "path": "C:/Users/Edu/Documents/ETSINF/Pin/whatapplan/src/app/modules/register/register.page.ts",
    "statementMap": {},
    "fnMap": {},
    "branchMap": {},
    "s": {},
    "f": {},
    "b": {}
  }
}
